{"logTime": "1006/100238", "correlationVector":"PZ5jXia9wwji0R1Ts3nqZe.28","action":"GetUpdates", "result":"DeleteReceived", "context":{"id":"66ea6513-ec5e-4137-9be2-d31c56811ffd", "isDeleted:":"true", "version":"1696240715022"}}
{"logTime": "1006/100238", "correlationVector":"PZ5jXia9wwji0R1Ts3nqZe.29","action":"GetUpdates", "result":"DeleteReceived", "context":{"id":"cf1efb37-dc8c-490b-8ca8-7ffdb0d66a24", "isDeleted:":"true", "version":"1696240802869"}}
{"logTime": "1006/100238", "correlationVector":"PZ5jXia9wwji0R1Ts3nqZe.30","action":"GetUpdates", "result":"DeleteReceived", "context":{"id":"7c47b994-85c0-4834-86cb-7eb3af21cf3a", "isDeleted:":"true", "version":"1696241169077"}}
{"logTime": "1006/100238", "correlationVector":"PZ5jXia9wwji0R1Ts3nqZe.31","action":"GetUpdates", "result":"DeleteReceived", "context":{"id":"5b027bec-a825-4afb-8dc7-e5c1a5ed2b3a", "isDeleted:":"true", "version":"1696241169078"}}
{"logTime": "1006/100238", "correlationVector":"PZ5jXia9wwji0R1Ts3nqZe.32","action":"GetUpdates", "result":"DeleteReceived", "context":{"id":"9e45e531-f391-4d65-9f14-c1ce483045eb", "isDeleted:":"true", "version":"1696241169079"}}
{"logTime": "1006/100238", "correlationVector":"PZ5jXia9wwji0R1Ts3nqZe.33","action":"GetUpdates", "result":"DeleteReceived", "context":{"id":"245f76c8-3ca7-4adf-84de-5d23f10b8ebe", "isDeleted:":"true", "version":"1696241169080"}}
{"logTime": "1006/100238", "correlationVector":"PZ5jXia9wwji0R1Ts3nqZe.34","action":"GetUpdates", "result":"DeleteReceived", "context":{"id":"6fd5d6e9-606e-45e7-8563-3ee8a8368b64", "isDeleted:":"true", "version":"1696241169081"}}
{"logTime": "1006/100238", "correlationVector":"PZ5jXia9wwji0R1Ts3nqZe.35","action":"GetUpdates", "result":"DeleteReceived", "context":{"id":"afcd5692-68e9-4046-8d91-143f4b45c1b4", "isDeleted:":"true", "version":"1696241169082"}}
{"logTime": "1006/100238", "correlationVector":"PZ5jXia9wwji0R1Ts3nqZe.36","action":"GetUpdates", "result":"DeleteReceived", "context":{"id":"0011005d-ad14-4e46-9fb8-be5a1531fa95", "isDeleted:":"true", "version":"1696241230595"}}
{"logTime": "1006/100238", "correlationVector":"PZ5jXia9wwji0R1Ts3nqZe.37","action":"GetUpdates", "result":"DeleteReceived", "context":{"id":"667c87f9-9c02-449f-b8e3-b4e044c1b714", "isDeleted:":"true", "version":"1696241230597"}}
{"logTime": "1006/100238", "correlationVector":"PZ5jXia9wwji0R1Ts3nqZe.38","action":"GetUpdates", "result":"DeleteReceived", "context":{"id":"405dfcf3-3de4-4f29-a520-6ac48f582523", "isDeleted:":"true", "version":"1696241230599"}}
{"logTime": "1006/100238", "correlationVector":"PZ5jXia9wwji0R1Ts3nqZe.39","action":"GetUpdates", "result":"DeleteReceived", "context":{"id":"3fb0050a-a439-48fd-bd13-ef1a9fe3a9f1", "isDeleted:":"true", "version":"1696241230600"}}
{"logTime": "1006/100238", "correlationVector":"PZ5jXia9wwji0R1Ts3nqZe.40","action":"GetUpdates", "result":"DeleteReceived", "context":{"id":"46c53ef0-ecf9-4687-9933-9496eaa56a85", "isDeleted:":"true", "version":"1696241230601"}}
{"logTime": "1006/100238", "correlationVector":"PZ5jXia9wwji0R1Ts3nqZe.41","action":"GetUpdates", "result":"DeleteReceived", "context":{"id":"e0552b06-a6aa-437d-8838-89e15d9c56ff", "isDeleted:":"true", "version":"1696241230602"}}
{"logTime": "1006/100238", "correlationVector":"PZ5jXia9wwji0R1Ts3nqZe.42","action":"GetUpdates", "result":"DeleteReceived", "context":{"id":"90eb6214-4ee5-43f2-aeeb-7284b5bf4f33", "isDeleted:":"true", "version":"1696241230604"}}
{"logTime": "1006/100238", "correlationVector":"PZ5jXia9wwji0R1Ts3nqZe.43","action":"GetUpdates", "result":"DeleteReceived", "context":{"id":"1169a7a4-9c1f-487d-96b3-e8aa3ddb74bf", "isDeleted:":"true", "version":"1696241230606"}}
{"logTime": "1006/100238", "correlationVector":"PZ5jXia9wwji0R1Ts3nqZe.44","action":"GetUpdates", "result":"DeleteReceived", "context":{"id":"102ddb02-70ef-402a-aa0a-0606b4bd26f6", "isDeleted:":"true", "version":"1696241230607"}}
{"logTime": "1006/100238", "correlationVector":"PZ5jXia9wwji0R1Ts3nqZe.45","action":"GetUpdates", "result":"DeleteReceived", "context":{"id":"1e0cda83-0e4f-433e-a847-47b9958d7a3a", "isDeleted:":"true", "version":"1696241428522"}}
{"logTime": "1006/100238", "correlationVector":"PZ5jXia9wwji0R1Ts3nqZe.46","action":"GetUpdates", "result":"DeleteReceived", "context":{"id":"3f57049a-85dc-4c52-9012-c411eefbdc6e", "isDeleted:":"true", "version":"1696241710156"}}
{"logTime": "1006/100238", "correlationVector":"PZ5jXia9wwji0R1Ts3nqZe.47","action":"GetUpdates", "result":"DeleteReceived", "context":{"id":"b08d0f24-5a81-4a4b-9e2c-5453ad66dd6c", "isDeleted:":"true", "version":"1696241848205"}}
{"logTime": "1006/100238", "correlationVector":"PZ5jXia9wwji0R1Ts3nqZe.48","action":"GetUpdates", "result":"DeleteReceived", "context":{"id":"786b79b1-2c0e-41d7-b03a-f82fbd183eb7", "isDeleted:":"true", "version":"1696242333196"}}
{"logTime": "1006/100238", "correlationVector":"PZ5jXia9wwji0R1Ts3nqZe.49","action":"GetUpdates", "result":"DeleteReceived", "context":{"id":"e20f5888-c825-4585-9166-5592c6addd37", "isDeleted:":"true", "version":"1696242413465"}}
{"logTime": "1006/100238", "correlationVector":"PZ5jXia9wwji0R1Ts3nqZe.50","action":"GetUpdates", "result":"DeleteReceived", "context":{"id":"897d9da6-6a1e-402d-8ee8-101542c756c9", "isDeleted:":"true", "version":"1696242844754"}}
{"logTime": "1006/100238", "correlationVector":"PZ5jXia9wwji0R1Ts3nqZe.51","action":"GetUpdates", "result":"DeleteReceived", "context":{"id":"4280d627-6b0e-4332-90e7-427ad05a4731", "isDeleted:":"true", "version":"1696243789198"}}
{"logTime": "1006/100238", "correlationVector":"PZ5jXia9wwji0R1Ts3nqZe.52","action":"GetUpdates", "result":"DeleteReceived", "context":{"id":"63988877-4ef4-4a75-b056-39981feb5f8b", "isDeleted:":"true", "version":"1696244807130"}}
{"logTime": "1006/100238", "correlationVector":"PZ5jXia9wwji0R1Ts3nqZe.53","action":"GetUpdates", "result":"DeleteReceived", "context":{"id":"5beff629-5f6a-4349-b8f3-684a8aafb639", "isDeleted:":"true", "version":"1696255571732"}}
{"logTime": "1006/100238", "correlationVector":"PZ5jXia9wwji0R1Ts3nqZe.54","action":"GetUpdates", "result":"DeleteReceived", "context":{"id":"c5c0f3fb-a992-46e6-9902-0caab523c09d", "isDeleted:":"true", "version":"1696266911696"}}
{"logTime": "1006/100238", "correlationVector":"PZ5jXia9wwji0R1Ts3nqZe.55","action":"GetUpdates", "result":"DeleteReceived", "context":{"id":"ea923038-a4d4-49de-a42c-4b5d9ce3f528", "isDeleted:":"true", "version":"1696268330171"}}
{"logTime": "1006/100238", "correlationVector":"PZ5jXia9wwji0R1Ts3nqZe.56","action":"GetUpdates", "result":"DeleteReceived", "context":{"id":"7386b2c4-9684-42df-8ca1-ec334e727258", "isDeleted:":"true", "version":"1696272322691"}}
{"logTime": "1006/100238", "correlationVector":"PZ5jXia9wwji0R1Ts3nqZe.57","action":"GetUpdates", "result":"DeleteReceived", "context":{"id":"c1419d0e-79e7-4f6e-9e14-47f3196459bd", "isDeleted:":"true", "version":"1696272322692"}}
{"logTime": "1006/100238", "correlationVector":"PZ5jXia9wwji0R1Ts3nqZe.58","action":"GetUpdates", "result":"DeleteReceived", "context":{"id":"cfce10e6-001f-4856-bd48-760217e1e475", "isDeleted:":"true", "version":"1696276477137"}}
{"logTime": "1006/100238", "correlationVector":"PZ5jXia9wwji0R1Ts3nqZe.59","action":"GetUpdates", "result":"DeleteReceived", "context":{"id":"7fd24695-eaae-4c68-aef0-1ad1a7834fce", "isDeleted:":"true", "version":"1696276477138"}}
{"logTime": "1006/100238", "correlationVector":"PZ5jXia9wwji0R1Ts3nqZe.60","action":"GetUpdates", "result":"DeleteReceived", "context":{"id":"8f80205f-c850-488d-9afb-5a3da5c89aaf", "isDeleted:":"true", "version":"1696279092041"}}
{"logTime": "1006/100238", "correlationVector":"PZ5jXia9wwji0R1Ts3nqZe.61","action":"GetUpdates", "result":"DeleteReceived", "context":{"id":"8ae0f2d9-3036-4e7c-8111-4e88f2a02c75", "isDeleted:":"true", "version":"1696279092043"}}
{"logTime": "1006/100238", "correlationVector":"PZ5jXia9wwji0R1Ts3nqZe.62","action":"GetUpdates", "result":"DeleteReceived", "context":{"id":"6669691d-c8a1-4b77-8f2f-88a017a19706", "isDeleted:":"true", "version":"1696279092044"}}
{"logTime": "1006/100238", "correlationVector":"PZ5jXia9wwji0R1Ts3nqZe.63","action":"GetUpdates", "result":"DeleteReceived", "context":{"id":"c9f8cdc5-ec6b-46e2-b90b-e983b8cc0b61", "isDeleted:":"true", "version":"1696279092045"}}
{"logTime": "1006/100238", "correlationVector":"PZ5jXia9wwji0R1Ts3nqZe.64","action":"GetUpdates", "result":"DeleteReceived", "context":{"id":"38d2b0a4-1d4f-432e-8639-36657e1a1619", "isDeleted:":"true", "version":"1696279092046"}}
{"logTime": "1006/100238", "correlationVector":"PZ5jXia9wwji0R1Ts3nqZe.65","action":"GetUpdates", "result":"DeleteReceived", "context":{"id":"6f1c4879-54fe-4de4-a27c-9ed9fb73ea60", "isDeleted:":"true", "version":"1696279092047"}}
{"logTime": "1006/100238", "correlationVector":"PZ5jXia9wwji0R1Ts3nqZe.66","action":"GetUpdates", "result":"DeleteReceived", "context":{"id":"b07f7efc-6429-4d52-b392-53c6d0d28041", "isDeleted:":"true", "version":"1696280989204"}}
{"logTime": "1006/100238", "correlationVector":"PZ5jXia9wwji0R1Ts3nqZe.67","action":"GetUpdates", "result":"DeleteReceived", "context":{"id":"716b5fae-c25b-4c0c-a24a-8206bb54a2ec", "isDeleted:":"true", "version":"1696280989205"}}
{"logTime": "1006/100238", "correlationVector":"PZ5jXia9wwji0R1Ts3nqZe.68","action":"GetUpdates", "result":"DeleteReceived", "context":{"id":"370829e1-6ab4-4837-a6f3-35ab3193e927", "isDeleted:":"true", "version":"1696280989207"}}
{"logTime": "1006/100238", "correlationVector":"PZ5jXia9wwji0R1Ts3nqZe.69","action":"GetUpdates", "result":"DeleteReceived", "context":{"id":"9f2e56ff-0d90-4ded-b09f-7fc83f887566", "isDeleted:":"true", "version":"1696280989208"}}
{"logTime": "1006/100238", "correlationVector":"PZ5jXia9wwji0R1Ts3nqZe.70","action":"GetUpdates", "result":"DeleteReceived", "context":{"id":"d821d03b-be87-481e-aadc-e416bc066c42", "isDeleted:":"true", "version":"1696280989210"}}
{"logTime": "1006/100238", "correlationVector":"PZ5jXia9wwji0R1Ts3nqZe.71","action":"GetUpdates", "result":"DeleteReceived", "context":{"id":"51caf34a-56c1-4fad-b503-d62dd055acd9", "isDeleted:":"true", "version":"1696281169776"}}
{"logTime": "1006/100238", "correlationVector":"PZ5jXia9wwji0R1Ts3nqZe.72","action":"GetUpdates", "result":"DeleteReceived", "context":{"id":"e36c22c9-f1b2-45cb-bef2-970a02e82161", "isDeleted:":"true", "version":"1696282762343"}}
{"logTime": "1006/100238", "correlationVector":"PZ5jXia9wwji0R1Ts3nqZe.73","action":"GetUpdates", "result":"DeleteReceived", "context":{"id":"86603245-7f26-43ef-98ea-0030c1ecdb93", "isDeleted:":"true", "version":"1696282762344"}}
{"logTime": "1006/100238", "correlationVector":"PZ5jXia9wwji0R1Ts3nqZe.74","action":"GetUpdates", "result":"DeleteReceived", "context":{"id":"95a4ae50-ab2a-49ee-926d-6a72d3ae662f", "isDeleted:":"true", "version":"1696282762346"}}
{"logTime": "1006/100238", "correlationVector":"PZ5jXia9wwji0R1Ts3nqZe.75","action":"GetUpdates", "result":"DeleteReceived", "context":{"id":"4a257634-81e3-481c-b810-2f12963803ab", "isDeleted:":"true", "version":"1696282762347"}}
{"logTime": "1006/100238", "correlationVector":"PZ5jXia9wwji0R1Ts3nqZe.76","action":"GetUpdates", "result":"DeleteReceived", "context":{"id":"b7ee2685-990d-44a1-a1ce-16c8e806a98b", "isDeleted:":"true", "version":"1696282762348"}}
{"logTime": "1006/100238", "correlationVector":"PZ5jXia9wwji0R1Ts3nqZe.77","action":"GetUpdates", "result":"DeleteReceived", "context":{"id":"e978d991-b177-45c6-985b-74c803e15925", "isDeleted:":"true", "version":"1696282762349"}}
{"logTime": "1006/100238", "correlationVector":"PZ5jXia9wwji0R1Ts3nqZe.78","action":"GetUpdates", "result":"DeleteReceived", "context":{"id":"9f2f8b70-7e24-442a-8016-b951b1cb3e38", "isDeleted:":"true", "version":"1696282762350"}}
{"logTime": "1006/100238", "correlationVector":"PZ5jXia9wwji0R1Ts3nqZe.79","action":"GetUpdates", "result":"DeleteReceived", "context":{"id":"6edf3d73-7cc9-428d-ae39-b518b8f15bdd", "isDeleted:":"true", "version":"1696285735865"}}
{"logTime": "1006/100238", "correlationVector":"PZ5jXia9wwji0R1Ts3nqZe.80","action":"GetUpdates", "result":"DeleteReceived", "context":{"id":"c26cfab7-b255-4dc3-a489-6f7a4c2bae29", "isDeleted:":"true", "version":"1696314492516"}}
{"logTime": "1006/100238", "correlationVector":"PZ5jXia9wwji0R1Ts3nqZe.81","action":"GetUpdates", "result":"DeleteReceived", "context":{"id":"f5f14932-1a3a-4a70-a15d-f449bc7c519d", "isDeleted:":"true", "version":"1696314492517"}}
{"logTime": "1006/100238", "correlationVector":"PZ5jXia9wwji0R1Ts3nqZe.82","action":"GetUpdates", "result":"DeleteReceived", "context":{"id":"5ddc3133-1f95-4917-a7e1-100814151f54", "isDeleted:":"true", "version":"1696314492518"}}
{"logTime": "1006/100238", "correlationVector":"PZ5jXia9wwji0R1Ts3nqZe.83","action":"GetUpdates", "result":"DeleteReceived", "context":{"id":"845fb77c-33ef-4a05-bae5-612863a8c2a7", "isDeleted:":"true", "version":"1696314492519"}}
{"logTime": "1006/100238", "correlationVector":"PZ5jXia9wwji0R1Ts3nqZe.84","action":"GetUpdates", "result":"DeleteReceived", "context":{"id":"23cd7128-5281-4372-ba9f-5b8f279e3d52", "isDeleted:":"true", "version":"1696314492520"}}
{"logTime": "1006/100238", "correlationVector":"PZ5jXia9wwji0R1Ts3nqZe.85","action":"GetUpdates", "result":"DeleteReceived", "context":{"id":"6427f72f-d929-4e9b-9be6-1eddc8ff84dc", "isDeleted:":"true", "version":"1696316520585"}}
{"logTime": "1006/100238", "correlationVector":"PZ5jXia9wwji0R1Ts3nqZe.86","action":"GetUpdates", "result":"DeleteReceived", "context":{"id":"f5151852-b0e8-4406-975c-b81dd85e2439", "isDeleted:":"true", "version":"1696316565578"}}
{"logTime": "1006/100238", "correlationVector":"PZ5jXia9wwji0R1Ts3nqZe.87","action":"GetUpdates", "result":"DeleteReceived", "context":{"id":"6b5c7705-f8ea-4d38-a0b5-53d896c66b2e", "isDeleted:":"true", "version":"1696317417541"}}
{"logTime": "1006/100238", "correlationVector":"PZ5jXia9wwji0R1Ts3nqZe.88","action":"GetUpdates", "result":"DeleteReceived", "context":{"id":"5e330823-652e-46f4-98b5-84ef7c35c7da", "isDeleted:":"true", "version":"1696318318713"}}
{"logTime": "1006/100238", "correlationVector":"PZ5jXia9wwji0R1Ts3nqZe.89","action":"GetUpdates", "result":"DeleteReceived", "context":{"id":"6010a0a8-6990-484a-bf5d-0b5928cf8639", "isDeleted:":"true", "version":"1696319601667"}}
{"logTime": "1006/100238", "correlationVector":"PZ5jXia9wwji0R1Ts3nqZe.90","action":"GetUpdates", "result":"DeleteReceived", "context":{"id":"7c4a56d0-b645-42ce-ab93-949b6b262502", "isDeleted:":"true", "version":"1696319601668"}}
{"logTime": "1006/100238", "correlationVector":"PZ5jXia9wwji0R1Ts3nqZe.91","action":"GetUpdates", "result":"DeleteReceived", "context":{"id":"a075f61a-a795-4bba-8554-09c4a955a0bc", "isDeleted:":"true", "version":"1696319670483"}}
{"logTime": "1006/100238", "correlationVector":"PZ5jXia9wwji0R1Ts3nqZe.92","action":"GetUpdates", "result":"DeleteReceived", "context":{"id":"d529b728-35cd-45d2-9874-dae70390005c", "isDeleted:":"true", "version":"1696322450029"}}
{"logTime": "1006/100238", "correlationVector":"PZ5jXia9wwji0R1Ts3nqZe.93","action":"GetUpdates", "result":"DeleteReceived", "context":{"id":"986df137-460a-477f-9a25-745302158f29", "isDeleted:":"true", "version":"1696325873327"}}
{"logTime": "1006/100238", "correlationVector":"PZ5jXia9wwji0R1Ts3nqZe.94","action":"GetUpdates", "result":"DeleteReceived", "context":{"id":"d1f318c2-419b-4d41-94aa-1d55a3e47b7c", "isDeleted:":"true", "version":"1696327009027"}}
{"logTime": "1006/100238", "correlationVector":"PZ5jXia9wwji0R1Ts3nqZe.95","action":"GetUpdates", "result":"DeleteReceived", "context":{"id":"47a14878-56d8-401b-8fde-ddf0fa95f90d", "isDeleted:":"true", "version":"1696327635918"}}
{"logTime": "1006/100238", "correlationVector":"PZ5jXia9wwji0R1Ts3nqZe.96","action":"GetUpdates", "result":"DeleteReceived", "context":{"id":"e31151ae-8a49-4c0e-896f-1fb59e6c3997", "isDeleted:":"true", "version":"1696327751033"}}
{"logTime": "1006/100238", "correlationVector":"PZ5jXia9wwji0R1Ts3nqZe.97","action":"GetUpdates", "result":"DeleteReceived", "context":{"id":"3466bda3-0689-4909-a958-c5066f249f3e", "isDeleted:":"true", "version":"1696328536707"}}
{"logTime": "1006/100238", "correlationVector":"PZ5jXia9wwji0R1Ts3nqZe.98","action":"GetUpdates", "result":"DeleteReceived", "context":{"id":"fb2784d4-011d-4df5-92f3-89a5f9769318", "isDeleted:":"true", "version":"1696329587198"}}
{"logTime": "1006/100238", "correlationVector":"PZ5jXia9wwji0R1Ts3nqZe.99","action":"GetUpdates", "result":"DeleteReceived", "context":{"id":"8b25772c-2adb-43e8-9273-290da2d55828", "isDeleted:":"true", "version":"1696330482895"}}
{"logTime": "1006/100238", "correlationVector":"PZ5jXia9wwji0R1Ts3nqZe.100","action":"GetUpdates", "result":"DeleteReceived", "context":{"id":"42691410-b0ce-4866-aed1-2b5be569c446", "isDeleted:":"true", "version":"1696330603526"}}
{"logTime": "1006/100238", "correlationVector":"PZ5jXia9wwji0R1Ts3nqZe.101","action":"GetUpdates", "result":"DeleteReceived", "context":{"id":"51702c93-ac3e-405d-8093-253152479562", "isDeleted:":"true", "version":"1696330603527"}}
{"logTime": "1006/100238", "correlationVector":"PZ5jXia9wwji0R1Ts3nqZe.102","action":"GetUpdates", "result":"DeleteReceived", "context":{"id":"565a62c8-2271-43c5-8f67-a5d81352531e", "isDeleted:":"true", "version":"1696331629226"}}
{"logTime": "1006/100238", "correlationVector":"PZ5jXia9wwji0R1Ts3nqZe.103","action":"GetUpdates", "result":"DeleteReceived", "context":{"id":"927cc3cf-431c-4882-837f-5f194337c9e8", "isDeleted:":"true", "version":"1696331629227"}}
{"logTime": "1006/100238", "correlationVector":"PZ5jXia9wwji0R1Ts3nqZe.104","action":"GetUpdates", "result":"DeleteReceived", "context":{"id":"bfd094bb-9daf-40c0-bd75-de15494ac9dd", "isDeleted:":"true", "version":"1696331885659"}}
{"logTime": "1006/100238", "correlationVector":"PZ5jXia9wwji0R1Ts3nqZe.105","action":"GetUpdates", "result":"DeleteReceived", "context":{"id":"3c11855f-1c9d-46b8-8352-63added44841", "isDeleted:":"true", "version":"1696356152045"}}
{"logTime": "1006/100238", "correlationVector":"PZ5jXia9wwji0R1Ts3nqZe.106","action":"GetUpdates", "result":"DeleteReceived", "context":{"id":"ae6c1d9c-1bdd-4c57-9e72-7c5b5d0fab81", "isDeleted:":"true", "version":"1696356305056"}}
{"logTime": "1006/100238", "correlationVector":"PZ5jXia9wwji0R1Ts3nqZe.107","action":"GetUpdates", "result":"DeleteReceived", "context":{"id":"dc399d26-4143-4a2c-acc3-3cec4a3022a4", "isDeleted:":"true", "version":"1696364590595"}}
{"logTime": "1006/100238", "correlationVector":"PZ5jXia9wwji0R1Ts3nqZe.108","action":"GetUpdates", "result":"DeleteReceived", "context":{"id":"0146ffde-b88b-495f-b4e8-61ccb61268e0", "isDeleted:":"true", "version":"1696364590596"}}
{"logTime": "1006/100238", "correlationVector":"PZ5jXia9wwji0R1Ts3nqZe.109","action":"GetUpdates", "result":"DeleteReceived", "context":{"id":"2602d93b-fe79-4805-aa1f-f171e6754fdd", "isDeleted:":"true", "version":"1696364590597"}}
{"logTime": "1006/100238", "correlationVector":"PZ5jXia9wwji0R1Ts3nqZe.110","action":"GetUpdates", "result":"DeleteReceived", "context":{"id":"a5210a09-20d7-4566-8941-db2d5ed4ffb2", "isDeleted:":"true", "version":"1696364590598"}}
{"logTime": "1006/100238", "correlationVector":"PZ5jXia9wwji0R1Ts3nqZe.111","action":"GetUpdates", "result":"DeleteReceived", "context":{"id":"fd243600-62c0-43e7-bf86-b6e83751033b", "isDeleted:":"true", "version":"1696364758770"}}
{"logTime": "1006/100238", "correlationVector":"PZ5jXia9wwji0R1Ts3nqZe.112","action":"GetUpdates", "result":"DeleteReceived", "context":{"id":"29d6ff6e-9fbd-4151-82c4-7dd88f05b1a1", "isDeleted:":"true", "version":"1696364758772"}}
{"logTime": "1006/100238", "correlationVector":"PZ5jXia9wwji0R1Ts3nqZe.113","action":"GetUpdates", "result":"DeleteReceived", "context":{"id":"544a5cc6-692b-4d5d-ab8b-56a730baf9e8", "isDeleted:":"true", "version":"1696401197037"}}
{"logTime": "1006/100238", "correlationVector":"PZ5jXia9wwji0R1Ts3nqZe.114","action":"GetUpdates", "result":"DeleteReceived", "context":{"id":"1bce1da8-87a0-4e4d-aa96-e5784252268a", "isDeleted:":"true", "version":"1696401197038"}}
{"logTime": "1006/100238", "correlationVector":"PZ5jXia9wwji0R1Ts3nqZe.115","action":"GetUpdates", "result":"DeleteReceived", "context":{"id":"8dcfb553-25ed-4a88-98d7-9f971b2ca5d1", "isDeleted:":"true", "version":"1696401197039"}}
{"logTime": "1006/100238", "correlationVector":"PZ5jXia9wwji0R1Ts3nqZe.116","action":"GetUpdates", "result":"DeleteReceived", "context":{"id":"79fad921-672a-4618-8868-693b92bbcd47", "isDeleted:":"true", "version":"1696401960928"}}
{"logTime": "1006/100238", "correlationVector":"PZ5jXia9wwji0R1Ts3nqZe.117","action":"GetUpdates", "result":"DeleteReceived", "context":{"id":"61ff7324-24e4-4a7a-84ef-f8426e76bc74", "isDeleted:":"true", "version":"1696402693970"}}
{"logTime": "1006/100238", "correlationVector":"PZ5jXia9wwji0R1Ts3nqZe.118","action":"GetUpdates", "result":"DeleteReceived", "context":{"id":"d9539a46-2d6f-409b-8de9-e6df8ced945f", "isDeleted:":"true", "version":"1696403149029"}}
{"logTime": "1006/100238", "correlationVector":"PZ5jXia9wwji0R1Ts3nqZe.119","action":"GetUpdates", "result":"DeleteReceived", "context":{"id":"74606865-5401-4181-a21b-a75ad154268e", "isDeleted:":"true", "version":"1696404907640"}}
{"logTime": "1006/100238", "correlationVector":"PZ5jXia9wwji0R1Ts3nqZe.120","action":"GetUpdates", "result":"DeleteReceived", "context":{"id":"ba2cd66a-0811-4478-999f-50226595b091", "isDeleted:":"true", "version":"1696406820416"}}
{"logTime": "1006/100238", "correlationVector":"PZ5jXia9wwji0R1Ts3nqZe.121","action":"GetUpdates", "result":"DeleteReceived", "context":{"id":"1b1f9d82-d50b-4396-a096-24e658edd01f", "isDeleted:":"true", "version":"1696407953349"}}
{"logTime": "1006/100238", "correlationVector":"PZ5jXia9wwji0R1Ts3nqZe.122","action":"GetUpdates", "result":"DeleteReceived", "context":{"id":"45f48e2a-c94e-48dd-9d2c-70bcbda69688", "isDeleted:":"true", "version":"1696408513312"}}
{"logTime": "1006/100238", "correlationVector":"PZ5jXia9wwji0R1Ts3nqZe.123","action":"GetUpdates", "result":"DeleteReceived", "context":{"id":"d797832f-ff3a-46e1-b612-1eafdd7aa20e", "isDeleted:":"true", "version":"1696408748417"}}
{"logTime": "1006/100238", "correlationVector":"PZ5jXia9wwji0R1Ts3nqZe.124","action":"GetUpdates", "result":"DeleteReceived", "context":{"id":"3377dba7-1945-4f70-8cc3-62ca01ec39e2", "isDeleted:":"true", "version":"1696409609735"}}
{"logTime": "1006/100238", "correlationVector":"PZ5jXia9wwji0R1Ts3nqZe.125","action":"GetUpdates", "result":"DeleteReceived", "context":{"id":"715a6768-35bf-49c0-99ca-75cccb78c82d", "isDeleted:":"true", "version":"1696415111697"}}
{"logTime": "1006/100238", "correlationVector":"PZ5jXia9wwji0R1Ts3nqZe.126","action":"GetUpdates", "result":"DeleteReceived", "context":{"id":"6d76a69c-e16e-4a26-a39e-a90a4d0f9a95", "isDeleted:":"true", "version":"1696415230510"}}
{"logTime": "1006/100238", "correlationVector":"PZ5jXia9wwji0R1Ts3nqZe.127","action":"GetUpdates", "result":"DeleteReceived", "context":{"id":"811a5688-139d-4175-8610-cc25bccdcd9c", "isDeleted:":"true", "version":"1696415230513"}}
{"logTime": "1006/100238", "correlationVector":"PZ5jXia9wwji0R1Ts3nqZe.128","action":"GetUpdates", "result":"DeleteReceived", "context":{"id":"faa80bbe-bc02-424b-a255-0bcaa322335f", "isDeleted:":"true", "version":"1696415922853"}}
{"logTime": "1006/100238", "correlationVector":"PZ5jXia9wwji0R1Ts3nqZe.129","action":"GetUpdates", "result":"DeleteReceived", "context":{"id":"64f56eb4-cfc4-47ed-9133-584b63a1d008", "isDeleted:":"true", "version":"1696415922857"}}
{"logTime": "1006/100238", "correlationVector":"PZ5jXia9wwji0R1Ts3nqZe.130","action":"GetUpdates", "result":"DeleteReceived", "context":{"id":"289c1af7-d6fd-4d6f-a598-efc41fc2ff6d", "isDeleted:":"true", "version":"1696417075552"}}
{"logTime": "1006/100238", "correlationVector":"PZ5jXia9wwji0R1Ts3nqZe.131","action":"GetUpdates", "result":"DeleteReceived", "context":{"id":"e22e02a1-7a9d-46b4-be12-ee36f6cf21f1", "isDeleted:":"true", "version":"1696422213791"}}
{"logTime": "1006/100238", "correlationVector":"PZ5jXia9wwji0R1Ts3nqZe.132","action":"GetUpdates", "result":"DeleteReceived", "context":{"id":"df9f83a6-6863-4036-ab0c-3325b159101e", "isDeleted:":"true", "version":"1696423083126"}}
{"logTime": "1006/100238", "correlationVector":"PZ5jXia9wwji0R1Ts3nqZe.133","action":"GetUpdates", "result":"DeleteReceived", "context":{"id":"5133d5e2-09db-4a55-bec8-c1e6d71fe214", "isDeleted:":"true", "version":"1696427187051"}}
{"logTime": "1006/100238", "correlationVector":"PZ5jXia9wwji0R1Ts3nqZe.134","action":"GetUpdates", "result":"DeleteReceived", "context":{"id":"9a462d1b-af1f-436d-bf07-13b27acdd15b", "isDeleted:":"true", "version":"1696433051653"}}
{"logTime": "1006/100238", "correlationVector":"PZ5jXia9wwji0R1Ts3nqZe.135","action":"GetUpdates", "result":"DeleteReceived", "context":{"id":"e04b4896-3e61-4588-b7d9-98fd6ce96e2c", "isDeleted:":"true", "version":"1696436099955"}}
{"logTime": "1006/100238", "correlationVector":"PZ5jXia9wwji0R1Ts3nqZe.136","action":"GetUpdates", "result":"DeleteReceived", "context":{"id":"97dc06a1-1e03-41ec-b1ed-47a800eaa44b", "isDeleted:":"true", "version":"1696436099956"}}
{"logTime": "1006/100238", "correlationVector":"PZ5jXia9wwji0R1Ts3nqZe.137","action":"GetUpdates", "result":"DeleteReceived", "context":{"id":"8f48df59-843c-4078-a40d-faa40fb19ceb", "isDeleted:":"true", "version":"1696436099958"}}
{"logTime": "1006/100238", "correlationVector":"PZ5jXia9wwji0R1Ts3nqZe.138","action":"GetUpdates", "result":"DeleteReceived", "context":{"id":"317660ca-406a-4d4c-85df-052bb5fcc435", "isDeleted:":"true", "version":"1696436222419"}}
{"logTime": "1006/100238", "correlationVector":"PZ5jXia9wwji0R1Ts3nqZe.139","action":"GetUpdates", "result":"DeleteReceived", "context":{"id":"a1743824-5e9c-4d6c-b191-709af2f6de05", "isDeleted:":"true", "version":"1696443024990"}}
{"logTime": "1006/100238", "correlationVector":"PZ5jXia9wwji0R1Ts3nqZe.140","action":"GetUpdates", "result":"DeleteReceived", "context":{"id":"16f81251-1266-436c-97af-c775f1f29bf9", "isDeleted:":"true", "version":"1696443024991"}}
{"logTime": "1006/100238", "correlationVector":"PZ5jXia9wwji0R1Ts3nqZe.141","action":"GetUpdates", "result":"DeleteReceived", "context":{"id":"b8b5e3cb-4a0c-42b5-9d79-4922e39e3764", "isDeleted:":"true", "version":"1696443024992"}}
{"logTime": "1006/100238", "correlationVector":"PZ5jXia9wwji0R1Ts3nqZe.142","action":"GetUpdates", "result":"DeleteReceived", "context":{"id":"f5a0132e-d70a-4bd5-b103-3e8c81eab198", "isDeleted:":"true", "version":"1696448652724"}}
{"logTime": "1006/100238", "correlationVector":"PZ5jXia9wwji0R1Ts3nqZe.143","action":"GetUpdates", "result":"DeleteReceived", "context":{"id":"0754f947-448b-42e9-8009-771c376cfdc1", "isDeleted:":"true", "version":"1696448652725"}}
{"logTime": "1006/100238", "correlationVector":"PZ5jXia9wwji0R1Ts3nqZe.144","action":"GetUpdates", "result":"DeleteReceived", "context":{"id":"0c49ca9d-1575-4f4b-b591-84511ab1f6d9", "isDeleted:":"true", "version":"1696448652726"}}
{"logTime": "1006/100238", "correlationVector":"PZ5jXia9wwji0R1Ts3nqZe.145","action":"GetUpdates", "result":"DeleteReceived", "context":{"id":"a311f437-732a-4514-af8b-05e11df1c282", "isDeleted:":"true", "version":"1696487700152"}}
{"logTime": "1006/100238", "correlationVector":"PZ5jXia9wwji0R1Ts3nqZe.146","action":"GetUpdates", "result":"DeleteReceived", "context":{"id":"05ed84a2-04ff-4755-9199-0adc7f734f01", "isDeleted:":"true", "version":"1696487700153"}}
{"logTime": "1006/100238", "correlationVector":"PZ5jXia9wwji0R1Ts3nqZe.147","action":"GetUpdates", "result":"DeleteReceived", "context":{"id":"54a8428d-68f9-461e-bd3c-a7d19701a134", "isDeleted:":"true", "version":"1696487700154"}}
{"logTime": "1006/100238", "correlationVector":"PZ5jXia9wwji0R1Ts3nqZe.148","action":"GetUpdates", "result":"DeleteReceived", "context":{"id":"9d0816bf-43ea-47f9-9ba1-e6bf27e1fe7d", "isDeleted:":"true", "version":"1696487972926"}}
{"logTime": "1006/100238", "correlationVector":"PZ5jXia9wwji0R1Ts3nqZe.149","action":"GetUpdates", "result":"DeleteReceived", "context":{"id":"ec30c770-c256-4dea-a984-c998f5c7b078", "isDeleted:":"true", "version":"1696490796887"}}
{"logTime": "1006/100238", "correlationVector":"PZ5jXia9wwji0R1Ts3nqZe.150","action":"GetUpdates", "result":"DeleteReceived", "context":{"id":"35831a79-ff4d-479d-b8df-c05e742ad02b", "isDeleted:":"true", "version":"1696490886702"}}
{"logTime": "1006/100238", "correlationVector":"PZ5jXia9wwji0R1Ts3nqZe.151","action":"GetUpdates", "result":"DeleteReceived", "context":{"id":"bafab6a2-0c24-4739-83a8-6e6ce1cc1cc6", "isDeleted:":"true", "version":"1696490973880"}}
{"logTime": "1006/100238", "correlationVector":"PZ5jXia9wwji0R1Ts3nqZe.152","action":"GetUpdates", "result":"DeleteReceived", "context":{"id":"1ca4994e-d330-4d3f-b3a8-0825a8468a57", "isDeleted:":"true", "version":"1696494042660"}}
{"logTime": "1006/100238", "correlationVector":"PZ5jXia9wwji0R1Ts3nqZe.153","action":"GetUpdates", "result":"DeleteReceived", "context":{"id":"70fb554b-14ad-48cf-9395-16507ab5ab07", "isDeleted:":"true", "version":"1696494910583"}}
{"logTime": "1006/100238", "correlationVector":"PZ5jXia9wwji0R1Ts3nqZe.154","action":"GetUpdates", "result":"DeleteReceived", "context":{"id":"bcd8f7f0-9218-4de5-a937-1eea0d042c25", "isDeleted:":"true", "version":"1696495879400"}}
{"logTime": "1006/100238", "correlationVector":"PZ5jXia9wwji0R1Ts3nqZe.155","action":"GetUpdates", "result":"DeleteReceived", "context":{"id":"fd51b031-0ec7-40d6-a87a-672ba0e1eb75", "isDeleted:":"true", "version":"1696495879401"}}
{"logTime": "1006/100238", "correlationVector":"PZ5jXia9wwji0R1Ts3nqZe.156","action":"GetUpdates", "result":"DeleteReceived", "context":{"id":"aedbed8b-0aa6-4898-a04f-80e5a8a3219d", "isDeleted:":"true", "version":"1696496488203"}}
{"logTime": "1006/100238", "correlationVector":"PZ5jXia9wwji0R1Ts3nqZe.157","action":"GetUpdates", "result":"DeleteReceived", "context":{"id":"4c3af325-c2fe-4271-a6e6-0f8fa4279c4c", "isDeleted:":"true", "version":"1696505607790"}}
{"logTime": "1006/100238", "correlationVector":"PZ5jXia9wwji0R1Ts3nqZe.158","action":"GetUpdates", "result":"DeleteReceived", "context":{"id":"4924cda8-c928-4bd8-9996-16ff4e5c7df5", "isDeleted:":"true", "version":"1696508499618"}}
{"logTime": "1006/100238", "correlationVector":"PZ5jXia9wwji0R1Ts3nqZe.159","action":"GetUpdates", "result":"DeleteReceived", "context":{"id":"ca8a800a-e8b6-484a-9ed2-0d69494a8522", "isDeleted:":"true", "version":"1696512331720"}}
{"logTime": "1006/100238", "correlationVector":"PZ5jXia9wwji0R1Ts3nqZe.160","action":"GetUpdates", "result":"DeleteReceived", "context":{"id":"7ca5dc93-bba8-4d94-8796-9c966ab612a6", "isDeleted:":"true", "version":"1696514562231"}}
{"logTime": "1006/100238", "correlationVector":"PZ5jXia9wwji0R1Ts3nqZe.161","action":"GetUpdates", "result":"DeleteReceived", "context":{"id":"b6e06849-fe64-4a50-b00b-62dad5bc6fbe", "isDeleted:":"true", "version":"1696514562232"}}
{"logTime": "1006/100238", "correlationVector":"PZ5jXia9wwji0R1Ts3nqZe.162","action":"GetUpdates", "result":"DeleteReceived", "context":{"id":"5253a311-fa54-4ca5-8e99-ea3dc51d19fe", "isDeleted:":"true", "version":"1696518389799"}}
{"logTime": "1006/100238", "correlationVector":"PZ5jXia9wwji0R1Ts3nqZe.163","action":"GetUpdates", "result":"DeleteReceived", "context":{"id":"69fd8d50-d2d0-4228-bb04-e59337cf4c10", "isDeleted:":"true", "version":"1696540411619"}}
{"logTime": "1006/100238", "correlationVector":"PZ5jXia9wwji0R1Ts3nqZe.164","action":"GetUpdates", "result":"DeleteReceived", "context":{"id":"03acfc2e-f147-43a9-ac3d-07d30a4da8f1", "isDeleted:":"true", "version":"1696540411620"}}
{"logTime": "1006/100238", "correlationVector":"PZ5jXia9wwji0R1Ts3nqZe.165","action":"GetUpdates", "result":"DeleteReceived", "context":{"id":"b696deea-6671-48f6-a1bc-c28d680061dc", "isDeleted:":"true", "version":"1696540411621"}}
{"logTime": "1006/100238", "correlationVector":"PZ5jXia9wwji0R1Ts3nqZe.166","action":"GetUpdates", "result":"DeleteReceived", "context":{"id":"0c9e0926-c8ba-4684-9812-8a01ac1abaff", "isDeleted:":"true", "version":"1696540411622"}}
{"logTime": "1006/100238", "correlationVector":"PZ5jXia9wwji0R1Ts3nqZe.167","action":"GetUpdates", "result":"DeleteReceived", "context":{"id":"c4ee1e73-1bdd-4e96-8298-f8a5b74424fd", "isDeleted:":"true", "version":"1696540411624"}}
{"logTime": "1006/100238", "correlationVector":"PZ5jXia9wwji0R1Ts3nqZe.168","action":"GetUpdates", "result":"DeleteReceived", "context":{"id":"61c9d244-a5d3-4959-a804-e2af21716944", "isDeleted:":"true", "version":"1696540411625"}}
{"logTime": "1006/100238", "correlationVector":"PZ5jXia9wwji0R1Ts3nqZe.169","action":"GetUpdates", "result":"DeleteReceived", "context":{"id":"6b74fb8c-b4e9-4c22-9cbf-f8e33396d197", "isDeleted:":"true", "version":"1696540411626"}}
{"logTime": "1006/100238", "correlationVector":"PZ5jXia9wwji0R1Ts3nqZe.170","action":"GetUpdates", "result":"DeleteReceived", "context":{"id":"e8da20fb-4101-4c37-aa39-0e0df3559a86", "isDeleted:":"true", "version":"1696540470473"}}
{"logTime": "1006/100238", "correlationVector":"PZ5jXia9wwji0R1Ts3nqZe.171","action":"GetUpdates", "result":"DeleteReceived", "context":{"id":"d77624ba-ece8-4870-a0d7-dded17dd3ee6", "isDeleted:":"true", "version":"1696540470474"}}
{"logTime": "1006/100238", "correlationVector":"PZ5jXia9wwji0R1Ts3nqZe.172","action":"GetUpdates", "result":"DeleteReceived", "context":{"id":"19f3bd43-c988-4c9f-bc85-64e9af1bab6d", "isDeleted:":"true", "version":"1696540470475"}}
{"logTime": "1006/100238", "correlationVector":"PZ5jXia9wwji0R1Ts3nqZe.173","action":"GetUpdates", "result":"DeleteReceived", "context":{"id":"68a7eb55-6cf9-4880-bf77-fa8291fd537e", "isDeleted:":"true", "version":"1696573546151"}}
{"logTime": "1006/100238", "correlationVector":"PZ5jXia9wwji0R1Ts3nqZe.174","action":"GetUpdates", "result":"DeleteReceived", "context":{"id":"1019fa70-2c0a-457c-97d9-03be421c3b8e", "isDeleted:":"true", "version":"1696573546152"}}
{"logTime": "1006/100238", "correlationVector":"PZ5jXia9wwji0R1Ts3nqZe.175","action":"GetUpdates", "result":"DeleteReceived", "context":{"id":"a0652982-2c8e-4fec-b3f9-4099cf84cf44", "isDeleted:":"true", "version":"1696573546153"}}
{"logTime": "1006/100238", "correlationVector":"PZ5jXia9wwji0R1Ts3nqZe.176","action":"GetUpdates", "result":"DeleteReceived", "context":{"id":"9fc963e2-5eff-404c-a488-90aad93e5a38", "isDeleted:":"true", "version":"1696573738188"}}
{"logTime": "1006/100238", "correlationVector":"PZ5jXia9wwji0R1Ts3nqZe.177","action":"GetUpdates", "result":"DeleteReceived", "context":{"id":"dde856c0-abd9-4818-9ae6-dce7bc84a115", "isDeleted:":"true", "version":"1696574322016"}}
{"logTime": "1006/100238", "correlationVector":"PZ5jXia9wwji0R1Ts3nqZe.178","action":"GetUpdates", "result":"DeleteReceived", "context":{"id":"bb5d0e05-1fbd-4934-b50e-a823139f7f79", "isDeleted:":"true", "version":"1696574657586"}}
{"logTime": "1006/100238", "correlationVector":"PZ5jXia9wwji0R1Ts3nqZe.179","action":"GetUpdates", "result":"DeleteReceived", "context":{"id":"eefe2fa0-b8e2-46bb-b94b-b4f60503472b", "isDeleted:":"true", "version":"1696574737664"}}
{"logTime": "1006/100238", "correlationVector":"PZ5jXia9wwji0R1Ts3nqZe.180","action":"GetUpdates", "result":"DeleteReceived", "context":{"id":"9acf7437-b7de-4b78-89f8-a89c93bf98df", "isDeleted:":"true", "version":"1696576544038"}}
{"logTime": "1006/100238", "correlationVector":"PZ5jXia9wwji0R1Ts3nqZe.181","action":"GetUpdates", "result":"DeleteReceived", "context":{"id":"99243d64-db79-4004-b32e-146e4e427e4f", "isDeleted:":"true", "version":"1696576830503"}}
{"logTime": "1006/100238", "correlationVector":"PZ5jXia9wwji0R1Ts3nqZe.182","action":"GetUpdates", "result":"DeleteReceived", "context":{"id":"b4456ea8-4196-4883-84ea-fe22e5a4ed27", "isDeleted:":"true", "version":"1696577868812"}}
{"logTime": "1006/100238", "correlationVector":"PZ5jXia9wwji0R1Ts3nqZe.183","action":"GetUpdates", "result":"DeleteReceived", "context":{"id":"2b8cbf89-d965-43d3-8d4b-e2fd75d89c87", "isDeleted:":"true", "version":"1696578336391"}}
{"logTime": "1006/100238", "correlationVector":"PZ5jXia9wwji0R1Ts3nqZe.184","action":"GetUpdates", "result":"DeleteReceived", "context":{"id":"42ee5028-540c-4179-87dd-5e1963e349e2", "isDeleted:":"true", "version":"1696578969380"}}
{"logTime": "1006/100238", "correlationVector":"PZ5jXia9wwji0R1Ts3nqZe.185","action":"GetUpdates", "result":"DeleteReceived", "context":{"id":"14943c31-60cf-4ecc-8d9a-3a03efe78e1e", "isDeleted:":"true", "version":"1696581072332"}}
{"logTime": "1006/100238", "correlationVector":"PZ5jXia9wwji0R1Ts3nqZe.186","action":"GetUpdates", "result":"DeleteReceived", "context":{"id":"9a78d2d6-b719-44a3-8397-664a1f8e6c39", "isDeleted:":"true", "version":"1696581903680"}}
{"logTime": "1006/100238", "correlationVector":"PZ5jXia9wwji0R1Ts3nqZe.187","action":"GetUpdates", "result":"DeleteReceived", "context":{"id":"d2fbfbf7-c0aa-41eb-b773-268563344165", "isDeleted:":"true", "version":"1696583340550"}}
{"logTime": "1006/100238", "correlationVector":"PZ5jXia9wwji0R1Ts3nqZe.188","action":"GetUpdates", "result":"DeleteReceived", "context":{"id":"4df23918-011e-4c03-9b5c-a353d8fd3acf", "isDeleted:":"true", "version":"1696583484800"}}
{"logTime": "1006/100238", "correlationVector":"PZ5jXia9wwji0R1Ts3nqZe.189","action":"GetUpdates", "result":"DeleteReceived", "context":{"id":"e2be569d-c9a8-40d3-89aa-4ffb440d79bd", "isDeleted:":"true", "version":"1696583484801"}}
{"logTime": "1006/100238", "correlationVector":"PZ5jXia9wwji0R1Ts3nqZe.190","action":"GetUpdates", "result":"DeleteReceived", "context":{"id":"8c61db50-52a3-470d-81d8-ff07c27168c1", "isDeleted:":"true", "version":"1696584188144"}}
{"logTime": "1006/100238", "correlationVector":"PZ5jXia9wwji0R1Ts3nqZe.191","action":"GetUpdates", "result":"DeleteReceived", "context":{"id":"9ca070d0-32c3-43dd-931d-def6c6721757", "isDeleted:":"true", "version":"1696584188146"}}
{"logTime": "1006/100238", "correlationVector":"PZ5jXia9wwji0R1Ts3nqZe.192","action":"GetUpdates Response", "result":"SYNCER_OK", "context":Received 227 update(s). cV=PZ5jXia9wwji0R1Ts3nqZe.0;server=GENERAL0100001E;cloudType=Consumer;environment=Prod_WestEurope_x00e;migrationStage=NotStarted}
{"logTime": "1006/100238", "correlationVector":"C8u1vFKRAVQ5+FDDJ78oc8","action":"Normal GetUpdate request", "result":"", "context":cV=C8u1vFKRAVQ5+FDDJ78oc8
Nudged types: Bookmarks, Typed URLs, Sessions, Device Info, User Consents
Refresh requested types: Bookmarks, Preferences, Passwords, Autofill, Autofill Custom Data, Typed URLs, Extensions, Sessions, Extension settings, History Delete Directives, Device Info, User Consents, Send Tab To Self, Web Apps, Collection, Edge E Drop, Edge Hub App Usage, Edge Wallet, Encryption Keys}
{"logTime": "1006/100238", "correlationVector":"C8u1vFKRAVQ5+FDDJ78oc8.1","action":"SyncServerConnectionManagerRequest", "result":"SYNC_SERVER_OK", "context":{"environment":"Prod_WestEurope_x00e", "migrationStage":"NotStarted", "server":"GENERAL01000028"}}
{"logTime": "1006/100238", "correlationVector":"C8u1vFKRAVQ5+FDDJ78oc8.2","action":"GetUpdates Response", "result":"SYNCER_OK", "context":Received 0 update(s). cV=C8u1vFKRAVQ5+FDDJ78oc8.0;server=GENERAL01000028;cloudType=Consumer;environment=Prod_WestEurope_x00e;migrationStage=NotStarted}
{"logTime": "1006/100238", "correlationVector":"7DEw26Kg7OHRd/dbCOscvV","action":"Commit Request", "result":"", "context":Item count: 1
Contributing types: Device Info}
{"logTime": "1006/100238", "correlationVector":"7DEw26Kg7OHRd/dbCOscvV.1","action":"SyncServerConnectionManagerRequest", "result":"SYNC_SERVER_OK", "context":{"environment":"Prod_WestEurope_x00e", "migrationStage":"NotStarted", "server":"general01000017"}}
{"logTime": "1006/100238", "correlationVector":"7DEw26Kg7OHRd/dbCOscvV.2","action":"Commit Response", "result":"SYNCER_OK", "context":Result: SYNCER_OK. cV=7DEw26Kg7OHRd/dbCOscvV.0;server=general01000017;cloudType=Consumer;environment=Prod_WestEurope_x00e;migrationStage=NotStarted}
{"logTime": "1006/100238", "correlationVector":"mmWZjpk7qKzJ9G6ZBZ7hLW","action":"Commit Request", "result":"", "context":Item count: 10
Contributing types: Bookmarks, Typed URLs, Sessions, User Consents}
{"logTime": "1006/100238", "correlationVector":"mmWZjpk7qKzJ9G6ZBZ7hLW.1","action":"SyncServerConnectionManagerRequest", "result":"SYNC_SERVER_OK", "context":{"environment":"Prod_WestEurope_x00e", "migrationStage":"NotStarted", "server":"GENERAL01000010"}}
{"logTime": "1006/100239", "correlationVector":"mmWZjpk7qKzJ9G6ZBZ7hLW.2","action":"Commit Response", "result":"SYNCER_OK", "context":Result: SYNCER_OK. cV=mmWZjpk7qKzJ9G6ZBZ7hLW.0;server=GENERAL01000010;cloudType=Consumer;environment=Prod_WestEurope_x00e;migrationStage=NotStarted}
{"logTime": "1006/100552", "correlationVector":"zrJawALrtezwpx9rO1k2CS.0","action":"FeedSettingFetch_homeCloud", "result":"0", "context":{}}
{"logTime": "1006/100552", "correlationVector":"D0rIjo75h8VVka/HQfpVrq.1","action":"SyncServerConnectionManagerRequest", "result":"SYNC_SERVER_OK", "context":{"environment":"Prod_WestEurope_000l", "migrationStage":"NotStarted", "server":"GENERAL01000022"}}
{"logTime": "1006/100552", "correlationVector":"D0rIjo75h8VVka/HQfpVrq","action":"Initial GetUpdates", "result":"", "context":Reason: NEW_CLIENT. cV=D0rIjo75h8VVka/HQfpVrq}
{"logTime": "1006/100552", "correlationVector":"D0rIjo75h8VVka/HQfpVrq.2","action":"GetUpdates Response", "result":"SYNCER_OK", "context":Received 1 update(s). cV=D0rIjo75h8VVka/HQfpVrq.0;server=GENERAL01000022;cloudType=Consumer;environment=Prod_WestEurope_000l;migrationStage=NotStarted}
{"logTime": "1006/100552", "correlationVector":"GZ9mfkt2t/d17zG0V39abk","action":"Initial GetUpdates", "result":"", "context":Reason: NEWLY_SUPPORTED_DATATYPE. cV=GZ9mfkt2t/d17zG0V39abk}
{"logTime": "1006/100552", "correlationVector":"GZ9mfkt2t/d17zG0V39abk.1","action":"SyncServerConnectionManagerRequest", "result":"SYNC_SERVER_OK", "context":{"environment":"Prod_WestEurope_000l", "migrationStage":"NotStarted", "server":"general01000025"}}
{"logTime": "1006/100552", "correlationVector":"GZ9mfkt2t/d17zG0V39abk.2","action":"GetUpdates", "result":"DeleteReceived", "context":{"id":"1740e7ed-50a0-48ec-94c3-266d1c89eab0", "isDeleted:":"true", "version":"1692080822443"}}
{"logTime": "1006/100552", "correlationVector":"GZ9mfkt2t/d17zG0V39abk.3","action":"GetUpdates", "result":"DeleteReceived", "context":{"id":"20b1e77a-b25e-414c-b47b-999877ec5fc1", "isDeleted:":"true", "version":"1692639680587"}}
{"logTime": "1006/100552", "correlationVector":"GZ9mfkt2t/d17zG0V39abk.4","action":"GetUpdates", "result":"DeleteReceived", "context":{"id":"ff82c5ee-96f6-4815-b2f6-e03c235c02e3", "isDeleted:":"true", "version":"1692639680592"}}
{"logTime": "1006/100552", "correlationVector":"GZ9mfkt2t/d17zG0V39abk.5","action":"GetUpdates", "result":"DeleteReceived", "context":{"id":"5125f110-5ac4-4d5d-945d-278b9b7d7e87", "isDeleted:":"true", "version":"1692639680595"}}
{"logTime": "1006/100552", "correlationVector":"GZ9mfkt2t/d17zG0V39abk.6","action":"GetUpdates", "result":"DeleteReceived", "context":{"id":"1b4b688f-29e2-4f7b-b1eb-625a14d406d0", "isDeleted:":"true", "version":"1692639680600"}}
{"logTime": "1006/100552", "correlationVector":"GZ9mfkt2t/d17zG0V39abk.7","action":"GetUpdates", "result":"DeleteReceived", "context":{"id":"ec6e8025-754f-43ec-b3cc-e419ba3986ac", "isDeleted:":"true", "version":"1692639680601"}}
{"logTime": "1006/100552", "correlationVector":"GZ9mfkt2t/d17zG0V39abk.8","action":"GetUpdates", "result":"DeleteReceived", "context":{"id":"248aa3d9-f244-44de-a5bb-d92595bf3e44", "isDeleted:":"true", "version":"1692639681748"}}
{"logTime": "1006/100552", "correlationVector":"GZ9mfkt2t/d17zG0V39abk.9","action":"GetUpdates", "result":"DeleteReceived", "context":{"id":"81710134-cce5-41bb-930f-eba4df988f03", "isDeleted:":"true", "version":"1692639681749"}}
{"logTime": "1006/100552", "correlationVector":"GZ9mfkt2t/d17zG0V39abk.10","action":"GetUpdates", "result":"DeleteReceived", "context":{"id":"05d101a5-88ce-47fc-9730-47e1fe7f9588", "isDeleted:":"true", "version":"1692639681751"}}
{"logTime": "1006/100552", "correlationVector":"GZ9mfkt2t/d17zG0V39abk.11","action":"GetUpdates", "result":"DeleteReceived", "context":{"id":"26cb62c2-efa9-48b7-89d4-3d0d788756ab", "isDeleted:":"true", "version":"1692639681757"}}
{"logTime": "1006/100552", "correlationVector":"GZ9mfkt2t/d17zG0V39abk.12","action":"GetUpdates", "result":"DeleteReceived", "context":{"id":"0b52ce1f-fc9d-4b9c-85ac-569a7f103e99", "isDeleted:":"true", "version":"1692639681761"}}
{"logTime": "1006/100552", "correlationVector":"GZ9mfkt2t/d17zG0V39abk.13","action":"GetUpdates", "result":"DeleteReceived", "context":{"id":"da6ea29e-83ab-41b0-a5c8-979248ea52ba", "isDeleted:":"true", "version":"1692639681763"}}
{"logTime": "1006/100552", "correlationVector":"GZ9mfkt2t/d17zG0V39abk.14","action":"GetUpdates", "result":"DeleteReceived", "context":{"id":"e7d642de-9769-4246-9140-942b97a8926c", "isDeleted:":"true", "version":"1692639681766"}}
{"logTime": "1006/100552", "correlationVector":"GZ9mfkt2t/d17zG0V39abk.15","action":"GetUpdates", "result":"DeleteReceived", "context":{"id":"dc0e12b9-c675-49f6-adde-9f15c3a0cd5d", "isDeleted:":"true", "version":"1692639682685"}}
{"logTime": "1006/100552", "correlationVector":"GZ9mfkt2t/d17zG0V39abk.16","action":"GetUpdates", "result":"DeleteReceived", "context":{"id":"a14474db-3026-495b-86b3-1a3da927be7d", "isDeleted:":"true", "version":"1692639682691"}}
{"logTime": "1006/100552", "correlationVector":"GZ9mfkt2t/d17zG0V39abk.17","action":"GetUpdates", "result":"DeleteReceived", "context":{"id":"d71557ab-d5e8-4bfb-9f2c-e97dab73348c", "isDeleted:":"true", "version":"1692639682693"}}
{"logTime": "1006/100552", "correlationVector":"GZ9mfkt2t/d17zG0V39abk.18","action":"GetUpdates", "result":"DeleteReceived", "context":{"id":"5c88d0a3-4d98-4d3a-8680-748c8ae68e8d", "isDeleted:":"true", "version":"1692639682694"}}
{"logTime": "1006/100552", "correlationVector":"GZ9mfkt2t/d17zG0V39abk.19","action":"GetUpdates", "result":"DeleteReceived", "context":{"id":"a0e10b39-edf0-4901-b1ba-882ecccdd839", "isDeleted:":"true", "version":"1692639682696"}}
{"logTime": "1006/100552", "correlationVector":"GZ9mfkt2t/d17zG0V39abk.20","action":"GetUpdates", "result":"DeleteReceived", "context":{"id":"975d2c94-d2a5-48a7-a6ae-8544e201e84c", "isDeleted:":"true", "version":"1692639682703"}}
{"logTime": "1006/100552", "correlationVector":"GZ9mfkt2t/d17zG0V39abk.21","action":"GetUpdates", "result":"DeleteReceived", "context":{"id":"4b6755fa-5931-4a54-847a-071420f1f65e", "isDeleted:":"true", "version":"1692639683624"}}
{"logTime": "1006/100552", "correlationVector":"GZ9mfkt2t/d17zG0V39abk.22","action":"GetUpdates", "result":"DeleteReceived", "context":{"id":"9d08fdfa-dec0-4f59-a61a-bbf5fda3df77", "isDeleted:":"true", "version":"1692639683625"}}
{"logTime": "1006/100552", "correlationVector":"GZ9mfkt2t/d17zG0V39abk.23","action":"GetUpdates", "result":"DeleteReceived", "context":{"id":"96b5dc09-8f7d-4240-bdd6-c36b340e4647", "isDeleted:":"true", "version":"1692639683629"}}
{"logTime": "1006/100552", "correlationVector":"GZ9mfkt2t/d17zG0V39abk.24","action":"GetUpdates", "result":"DeleteReceived", "context":{"id":"48591339-af81-455a-9fde-835f17b9c6c3", "isDeleted:":"true", "version":"1692639683630"}}
{"logTime": "1006/100552", "correlationVector":"GZ9mfkt2t/d17zG0V39abk.25","action":"GetUpdates", "result":"DeleteReceived", "context":{"id":"08e934b2-c5f0-4b80-b9af-d3ad1663c05b", "isDeleted:":"true", "version":"1692639683633"}}
{"logTime": "1006/100552", "correlationVector":"GZ9mfkt2t/d17zG0V39abk.26","action":"GetUpdates", "result":"DeleteReceived", "context":{"id":"2f62e9d0-e9bb-4770-b68f-d5621af38215", "isDeleted:":"true", "version":"1692639683635"}}
{"logTime": "1006/100552", "correlationVector":"GZ9mfkt2t/d17zG0V39abk.27","action":"GetUpdates", "result":"DeleteReceived", "context":{"id":"a291891f-5194-4f3b-9e4c-d650e24a63c0", "isDeleted:":"true", "version":"1692639683636"}}
{"logTime": "1006/100552", "correlationVector":"GZ9mfkt2t/d17zG0V39abk.28","action":"GetUpdates", "result":"DeleteReceived", "context":{"id":"f2295226-0c2a-4af4-a02e-2a8c84936063", "isDeleted:":"true", "version":"1692639683639"}}
{"logTime": "1006/100552", "correlationVector":"GZ9mfkt2t/d17zG0V39abk.29","action":"GetUpdates", "result":"DeleteReceived", "context":{"id":"4e237c48-7968-4063-a431-24036d703b01", "isDeleted:":"true", "version":"1692639684515"}}
{"logTime": "1006/100552", "correlationVector":"GZ9mfkt2t/d17zG0V39abk.30","action":"GetUpdates", "result":"DeleteReceived", "context":{"id":"c314d84b-4213-4629-96ce-31d816a8f068", "isDeleted:":"true", "version":"1692639684516"}}
{"logTime": "1006/100552", "correlationVector":"GZ9mfkt2t/d17zG0V39abk.31","action":"GetUpdates", "result":"DeleteReceived", "context":{"id":"10ccc001-f31a-4366-a0e3-5d69d1246683", "isDeleted:":"true", "version":"1692639684524"}}
{"logTime": "1006/100552", "correlationVector":"GZ9mfkt2t/d17zG0V39abk.32","action":"GetUpdates", "result":"DeleteReceived", "context":{"id":"4493b7a9-3b23-4802-a2b4-860b40d69c4b", "isDeleted:":"true", "version":"1692639684527"}}
{"logTime": "1006/100552", "correlationVector":"GZ9mfkt2t/d17zG0V39abk.33","action":"GetUpdates", "result":"DeleteReceived", "context":{"id":"2cb13154-3def-4e83-b37a-56474b4ab91d", "isDeleted:":"true", "version":"1692639684529"}}
{"logTime": "1006/100552", "correlationVector":"GZ9mfkt2t/d17zG0V39abk.34","action":"GetUpdates", "result":"DeleteReceived", "context":{"id":"abedd3dd-ded7-4ed0-a043-982fa6f04757", "isDeleted:":"true", "version":"1692639684530"}}
{"logTime": "1006/100552", "correlationVector":"GZ9mfkt2t/d17zG0V39abk.35","action":"GetUpdates", "result":"DeleteReceived", "context":{"id":"dea0b0cf-25a2-4c22-b72a-32c08b785fba", "isDeleted:":"true", "version":"1692639685504"}}
{"logTime": "1006/100552", "correlationVector":"GZ9mfkt2t/d17zG0V39abk.36","action":"GetUpdates", "result":"DeleteReceived", "context":{"id":"859bde83-df3d-4cb4-b4ba-9cd464610c6c", "isDeleted:":"true", "version":"1692639685506"}}
{"logTime": "1006/100552", "correlationVector":"GZ9mfkt2t/d17zG0V39abk.37","action":"GetUpdates", "result":"DeleteReceived", "context":{"id":"b1c854a4-f6fc-433a-8438-afb4911774b6", "isDeleted:":"true", "version":"1692639685507"}}
{"logTime": "1006/100552", "correlationVector":"GZ9mfkt2t/d17zG0V39abk.38","action":"GetUpdates", "result":"DeleteReceived", "context":{"id":"add6d149-8ab7-4ded-b550-590da16a5f33", "isDeleted:":"true", "version":"1692639685509"}}
{"logTime": "1006/100552", "correlationVector":"GZ9mfkt2t/d17zG0V39abk.39","action":"GetUpdates", "result":"DeleteReceived", "context":{"id":"cbd562a5-6fa8-4873-a8b1-2c7a1db57a44", "isDeleted:":"true", "version":"1692639685512"}}
{"logTime": "1006/100552", "correlationVector":"GZ9mfkt2t/d17zG0V39abk.40","action":"GetUpdates", "result":"DeleteReceived", "context":{"id":"94b05de8-bffe-4f04-ab2f-63acb422cd05", "isDeleted:":"true", "version":"1692639685513"}}
{"logTime": "1006/100552", "correlationVector":"GZ9mfkt2t/d17zG0V39abk.41","action":"GetUpdates", "result":"DeleteReceived", "context":{"id":"6ea6af26-a20d-4b31-8b30-9f1cb5762877", "isDeleted:":"true", "version":"1692639685514"}}
{"logTime": "1006/100552", "correlationVector":"GZ9mfkt2t/d17zG0V39abk.42","action":"GetUpdates", "result":"DeleteReceived", "context":{"id":"c5ef8864-419f-44cf-a353-4b9776907c82", "isDeleted:":"true", "version":"1692639685515"}}
{"logTime": "1006/100552", "correlationVector":"GZ9mfkt2t/d17zG0V39abk.43","action":"GetUpdates", "result":"DeleteReceived", "context":{"id":"d30533fa-6bb8-4771-b356-e265f4dfaf96", "isDeleted:":"true", "version":"1692639686304"}}
{"logTime": "1006/100552", "correlationVector":"GZ9mfkt2t/d17zG0V39abk.44","action":"GetUpdates", "result":"DeleteReceived", "context":{"id":"dc4af41d-907b-467d-a3f2-dae2eec3279e", "isDeleted:":"true", "version":"1692639686307"}}
{"logTime": "1006/100552", "correlationVector":"GZ9mfkt2t/d17zG0V39abk.45","action":"GetUpdates", "result":"DeleteReceived", "context":{"id":"4e0db208-454c-43f1-a212-4c7d60201227", "isDeleted:":"true", "version":"1692639686309"}}
{"logTime": "1006/100552", "correlationVector":"GZ9mfkt2t/d17zG0V39abk.46","action":"GetUpdates", "result":"DeleteReceived", "context":{"id":"cc30de40-a8ef-416e-98de-1507d82a752e", "isDeleted:":"true", "version":"1692639686311"}}
{"logTime": "1006/100552", "correlationVector":"GZ9mfkt2t/d17zG0V39abk.47","action":"GetUpdates", "result":"DeleteReceived", "context":{"id":"2b278205-75f5-44ad-a025-463704576791", "isDeleted:":"true", "version":"1692639686317"}}
{"logTime": "1006/100552", "correlationVector":"GZ9mfkt2t/d17zG0V39abk.48","action":"GetUpdates", "result":"DeleteReceived", "context":{"id":"4897c99a-4871-4a1c-9878-15529b4b69f0", "isDeleted:":"true", "version":"1692639686319"}}
{"logTime": "1006/100552", "correlationVector":"GZ9mfkt2t/d17zG0V39abk.49","action":"GetUpdates", "result":"DeleteReceived", "context":{"id":"953d29ba-9817-47eb-91f4-c3e04cbb66fd", "isDeleted:":"true", "version":"1692639686321"}}
{"logTime": "1006/100552", "correlationVector":"GZ9mfkt2t/d17zG0V39abk.50","action":"GetUpdates", "result":"DeleteReceived", "context":{"id":"df84c100-63ab-4ea4-a9af-f30a2d156756", "isDeleted:":"true", "version":"1692639687350"}}
{"logTime": "1006/100552", "correlationVector":"GZ9mfkt2t/d17zG0V39abk.51","action":"GetUpdates", "result":"DeleteReceived", "context":{"id":"889439d1-498e-48ea-91b8-9cb1ebd3c1e9", "isDeleted:":"true", "version":"1692639687351"}}
{"logTime": "1006/100552", "correlationVector":"GZ9mfkt2t/d17zG0V39abk.52","action":"GetUpdates", "result":"DeleteReceived", "context":{"id":"260a6d89-3f65-4d61-959d-af5cae3fc9a3", "isDeleted:":"true", "version":"1692639688352"}}
{"logTime": "1006/100552", "correlationVector":"GZ9mfkt2t/d17zG0V39abk.53","action":"GetUpdates", "result":"DeleteReceived", "context":{"id":"48d349f3-eda8-4aa0-9271-918137564850", "isDeleted:":"true", "version":"1692639688354"}}
{"logTime": "1006/100552", "correlationVector":"GZ9mfkt2t/d17zG0V39abk.54","action":"GetUpdates", "result":"DeleteReceived", "context":{"id":"c43e647d-6135-439e-abe6-09d3eba19ef7", "isDeleted:":"true", "version":"1692639688359"}}
{"logTime": "1006/100552", "correlationVector":"GZ9mfkt2t/d17zG0V39abk.55","action":"GetUpdates", "result":"DeleteReceived", "context":{"id":"1050260d-637e-4b32-9939-bf4826b4e7cd", "isDeleted:":"true", "version":"1692639688360"}}
{"logTime": "1006/100552", "correlationVector":"GZ9mfkt2t/d17zG0V39abk.56","action":"GetUpdates", "result":"DeleteReceived", "context":{"id":"70e606ef-9d03-4ce8-81ad-3d33fa25382a", "isDeleted:":"true", "version":"1692639688361"}}
{"logTime": "1006/100552", "correlationVector":"GZ9mfkt2t/d17zG0V39abk.57","action":"GetUpdates", "result":"DeleteReceived", "context":{"id":"fa2c6eb7-4a66-4284-a488-f597ada88413", "isDeleted:":"true", "version":"1692639688364"}}
{"logTime": "1006/100552", "correlationVector":"GZ9mfkt2t/d17zG0V39abk.58","action":"GetUpdates", "result":"DeleteReceived", "context":{"id":"96aaedb5-f36c-4872-bf93-b6c67262f055", "isDeleted:":"true", "version":"1692639688367"}}
{"logTime": "1006/100552", "correlationVector":"GZ9mfkt2t/d17zG0V39abk.59","action":"GetUpdates", "result":"DeleteReceived", "context":{"id":"222589a8-9f88-4343-9978-fe6051574aa3", "isDeleted:":"true", "version":"1692639688368"}}
{"logTime": "1006/100552", "correlationVector":"GZ9mfkt2t/d17zG0V39abk.60","action":"GetUpdates", "result":"DeleteReceived", "context":{"id":"69fbd941-61e7-4983-b159-401916c5986d", "isDeleted:":"true", "version":"1692639689303"}}
{"logTime": "1006/100552", "correlationVector":"GZ9mfkt2t/d17zG0V39abk.61","action":"GetUpdates", "result":"DeleteReceived", "context":{"id":"da655eef-362e-41c6-b6a4-50b2481aad1f", "isDeleted:":"true", "version":"1692639689305"}}
{"logTime": "1006/100552", "correlationVector":"GZ9mfkt2t/d17zG0V39abk.62","action":"GetUpdates", "result":"DeleteReceived", "context":{"id":"c2d36066-96e3-42c6-95f5-d8cf5c8ac1ab", "isDeleted:":"true", "version":"1692639689310"}}
{"logTime": "1006/100552", "correlationVector":"GZ9mfkt2t/d17zG0V39abk.63","action":"GetUpdates", "result":"DeleteReceived", "context":{"id":"01af105d-286d-4336-9096-592f659ff924", "isDeleted:":"true", "version":"1692639689312"}}
{"logTime": "1006/100552", "correlationVector":"GZ9mfkt2t/d17zG0V39abk.64","action":"GetUpdates", "result":"DeleteReceived", "context":{"id":"116509df-a3ce-4fdd-8e34-3a21cab4331f", "isDeleted:":"true", "version":"1692639689313"}}
{"logTime": "1006/100552", "correlationVector":"GZ9mfkt2t/d17zG0V39abk.65","action":"GetUpdates", "result":"DeleteReceived", "context":{"id":"e58971c5-5475-44c5-9016-57e8a83d0306", "isDeleted:":"true", "version":"1692639689314"}}
{"logTime": "1006/100552", "correlationVector":"GZ9mfkt2t/d17zG0V39abk.66","action":"GetUpdates", "result":"DeleteReceived", "context":{"id":"5c1b6b7a-680f-4211-b0ff-598aeaf1fcc9", "isDeleted:":"true", "version":"1692639689319"}}
{"logTime": "1006/100552", "correlationVector":"GZ9mfkt2t/d17zG0V39abk.67","action":"GetUpdates", "result":"DeleteReceived", "context":{"id":"e8ee5cb6-ba2a-4ee6-b435-49c70ad3a061", "isDeleted:":"true", "version":"1692639689320"}}
{"logTime": "1006/100552", "correlationVector":"GZ9mfkt2t/d17zG0V39abk.68","action":"GetUpdates", "result":"DeleteReceived", "context":{"id":"82c088fa-eaf7-42fb-b64d-02821237bf8c", "isDeleted:":"true", "version":"1692639690205"}}
{"logTime": "1006/100552", "correlationVector":"GZ9mfkt2t/d17zG0V39abk.69","action":"GetUpdates", "result":"DeleteReceived", "context":{"id":"1d1d519b-f83c-4c30-8d84-20711e3111cd", "isDeleted:":"true", "version":"1692639690206"}}
{"logTime": "1006/100552", "correlationVector":"GZ9mfkt2t/d17zG0V39abk.70","action":"GetUpdates", "result":"DeleteReceived", "context":{"id":"cbd8d12b-4739-48e6-869c-457a992c4433", "isDeleted:":"true", "version":"1692639690209"}}
{"logTime": "1006/100552", "correlationVector":"GZ9mfkt2t/d17zG0V39abk.71","action":"GetUpdates", "result":"DeleteReceived", "context":{"id":"b48031cb-6707-4b72-8caa-6762757a4850", "isDeleted:":"true", "version":"1692639690212"}}
{"logTime": "1006/100552", "correlationVector":"GZ9mfkt2t/d17zG0V39abk.72","action":"GetUpdates", "result":"DeleteReceived", "context":{"id":"6dff855f-f9a4-4a78-b240-0a01d2cff074", "isDeleted:":"true", "version":"1692639690215"}}
{"logTime": "1006/100552", "correlationVector":"GZ9mfkt2t/d17zG0V39abk.73","action":"GetUpdates", "result":"DeleteReceived", "context":{"id":"09bcf052-235b-4f3c-9233-a60244431000", "isDeleted:":"true", "version":"1692639690217"}}
{"logTime": "1006/100552", "correlationVector":"GZ9mfkt2t/d17zG0V39abk.74","action":"GetUpdates", "result":"DeleteReceived", "context":{"id":"67faaf73-ca2e-47b3-bc4d-732fa0940c76", "isDeleted:":"true", "version":"1692639690221"}}
{"logTime": "1006/100552", "correlationVector":"GZ9mfkt2t/d17zG0V39abk.75","action":"GetUpdates", "result":"DeleteReceived", "context":{"id":"b28f6198-49be-4e37-ab01-7e170bda1e9f", "isDeleted:":"true", "version":"1692639690222"}}
{"logTime": "1006/100552", "correlationVector":"GZ9mfkt2t/d17zG0V39abk.76","action":"GetUpdates", "result":"DeleteReceived", "context":{"id":"6c5a3c2a-a8af-4036-9ef8-819b2333d09d", "isDeleted:":"true", "version":"1692639691079"}}
{"logTime": "1006/100552", "correlationVector":"GZ9mfkt2t/d17zG0V39abk.77","action":"GetUpdates", "result":"DeleteReceived", "context":{"id":"c947cd75-4d71-415f-af88-b5b1df393112", "isDeleted:":"true", "version":"1692639691081"}}
{"logTime": "1006/100552", "correlationVector":"GZ9mfkt2t/d17zG0V39abk.78","action":"GetUpdates", "result":"DeleteReceived", "context":{"id":"b703e605-0808-4911-923c-ea0de52dc85d", "isDeleted:":"true", "version":"1692639691085"}}
{"logTime": "1006/100553", "correlationVector":"GZ9mfkt2t/d17zG0V39abk.79","action":"GetUpdates", "result":"DeleteReceived", "context":{"id":"e045cf22-cdf1-4ca8-8730-0223acbc9ded", "isDeleted:":"true", "version":"1693421418872"}}
{"logTime": "1006/100553", "correlationVector":"GZ9mfkt2t/d17zG0V39abk.80","action":"GetUpdates", "result":"DeleteReceived", "context":{"id":"15d5a021-8755-43a9-82c3-86a151ea6c63", "isDeleted:":"true", "version":"1693421418873"}}
{"logTime": "1006/100553", "correlationVector":"GZ9mfkt2t/d17zG0V39abk.81","action":"GetUpdates", "result":"DeleteReceived", "context":{"id":"7755921b-03c2-451e-9cc9-c53d93565f86", "isDeleted:":"true", "version":"1693421418874"}}
{"logTime": "1006/100553", "correlationVector":"GZ9mfkt2t/d17zG0V39abk.82","action":"GetUpdates", "result":"DeleteReceived", "context":{"id":"ccb447e2-c2f0-4b05-91f1-8e11a3cb546c", "isDeleted:":"true", "version":"1693421418878"}}
{"logTime": "1006/100553", "correlationVector":"GZ9mfkt2t/d17zG0V39abk.83","action":"GetUpdates", "result":"DeleteReceived", "context":{"id":"87e6e69f-33e6-4fc8-8a72-be98a4985b37", "isDeleted:":"true", "version":"1693421418879"}}
{"logTime": "1006/100553", "correlationVector":"GZ9mfkt2t/d17zG0V39abk.84","action":"GetUpdates", "result":"DeleteReceived", "context":{"id":"822c0157-0157-4c01-b205-ad564c1a1bc9", "isDeleted:":"true", "version":"1693421419717"}}
{"logTime": "1006/100553", "correlationVector":"GZ9mfkt2t/d17zG0V39abk.85","action":"GetUpdates", "result":"DeleteReceived", "context":{"id":"374b37d8-7597-4363-ad44-3c6b59e49c7c", "isDeleted:":"true", "version":"1693421419720"}}
{"logTime": "1006/100553", "correlationVector":"GZ9mfkt2t/d17zG0V39abk.86","action":"GetUpdates", "result":"DeleteReceived", "context":{"id":"61068bdc-0a47-4b2b-b9cf-063c38baa8e8", "isDeleted:":"true", "version":"1693421419723"}}
{"logTime": "1006/100553", "correlationVector":"GZ9mfkt2t/d17zG0V39abk.87","action":"GetUpdates", "result":"DeleteReceived", "context":{"id":"ac91a370-2ad7-4f0a-a451-14bc5b76a0f4", "isDeleted:":"true", "version":"1693421419733"}}
{"logTime": "1006/100553", "correlationVector":"GZ9mfkt2t/d17zG0V39abk.88","action":"GetUpdates", "result":"DeleteReceived", "context":{"id":"9f8f8da1-dd9e-48fb-98e2-cb24d34c3626", "isDeleted:":"true", "version":"1693421420579"}}
{"logTime": "1006/100553", "correlationVector":"GZ9mfkt2t/d17zG0V39abk.89","action":"GetUpdates", "result":"DeleteReceived", "context":{"id":"3f3b7b88-5a06-414a-a5c8-2972365ad1b2", "isDeleted:":"true", "version":"1693421420584"}}
{"logTime": "1006/100553", "correlationVector":"GZ9mfkt2t/d17zG0V39abk.90","action":"GetUpdates", "result":"DeleteReceived", "context":{"id":"3d737943-c023-4854-bee8-f8946a4e1cf4", "isDeleted:":"true", "version":"1693421420586"}}
{"logTime": "1006/100553", "correlationVector":"GZ9mfkt2t/d17zG0V39abk.91","action":"GetUpdates", "result":"DeleteReceived", "context":{"id":"cc45b795-7860-4ad7-900e-61e87e0211e5", "isDeleted:":"true", "version":"1693421420589"}}
{"logTime": "1006/100553", "correlationVector":"GZ9mfkt2t/d17zG0V39abk.92","action":"GetUpdates", "result":"DeleteReceived", "context":{"id":"7ce86cab-7eeb-4959-836e-0d820837c5e8", "isDeleted:":"true", "version":"1693421420595"}}
{"logTime": "1006/100553", "correlationVector":"GZ9mfkt2t/d17zG0V39abk.93","action":"GetUpdates", "result":"DeleteReceived", "context":{"id":"d9039a5a-da3d-4d4f-9fe6-1522ead8c9bb", "isDeleted:":"true", "version":"1693421421447"}}
{"logTime": "1006/100553", "correlationVector":"GZ9mfkt2t/d17zG0V39abk.94","action":"GetUpdates", "result":"DeleteReceived", "context":{"id":"d5a2fe55-e4c0-4035-b067-705e0efc6c22", "isDeleted:":"true", "version":"1693421421453"}}
{"logTime": "1006/100553", "correlationVector":"GZ9mfkt2t/d17zG0V39abk.95","action":"GetUpdates", "result":"DeleteReceived", "context":{"id":"4877163e-7cf6-4c00-b3e3-59902bb4fde2", "isDeleted:":"true", "version":"1693421421455"}}
{"logTime": "1006/100553", "correlationVector":"GZ9mfkt2t/d17zG0V39abk.96","action":"GetUpdates", "result":"DeleteReceived", "context":{"id":"03a7190c-70c6-4041-982c-a3b3ab56ddf2", "isDeleted:":"true", "version":"1693421421456"}}
{"logTime": "1006/100553", "correlationVector":"GZ9mfkt2t/d17zG0V39abk.97","action":"GetUpdates", "result":"DeleteReceived", "context":{"id":"b2158007-5e6a-4fca-83f8-cd07539aa663", "isDeleted:":"true", "version":"1693421421457"}}
{"logTime": "1006/100553", "correlationVector":"GZ9mfkt2t/d17zG0V39abk.98","action":"GetUpdates", "result":"DeleteReceived", "context":{"id":"57f76fc9-040b-4dd1-91de-29c72e027339", "isDeleted:":"true", "version":"1693421421459"}}
{"logTime": "1006/100553", "correlationVector":"GZ9mfkt2t/d17zG0V39abk.99","action":"GetUpdates", "result":"DeleteReceived", "context":{"id":"3613ee09-3053-4d0a-9a6c-e089901fc691", "isDeleted:":"true", "version":"1693421421460"}}
{"logTime": "1006/100553", "correlationVector":"GZ9mfkt2t/d17zG0V39abk.100","action":"GetUpdates", "result":"DeleteReceived", "context":{"id":"e99475f8-c00b-40a1-8a54-af8a2ec87580", "isDeleted:":"true", "version":"1693421421465"}}
{"logTime": "1006/100553", "correlationVector":"GZ9mfkt2t/d17zG0V39abk.101","action":"GetUpdates", "result":"DeleteReceived", "context":{"id":"326cd666-c102-4d4d-881c-444b22bf0339", "isDeleted:":"true", "version":"1693421421466"}}
{"logTime": "1006/100553", "correlationVector":"GZ9mfkt2t/d17zG0V39abk.102","action":"GetUpdates", "result":"DeleteReceived", "context":{"id":"c94321f9-9d6e-4da4-9581-98e784bb34ad", "isDeleted:":"true", "version":"1693421422579"}}
{"logTime": "1006/100553", "correlationVector":"GZ9mfkt2t/d17zG0V39abk.103","action":"GetUpdates", "result":"DeleteReceived", "context":{"id":"1c6bcab2-7e74-4368-be28-292b12d16df2", "isDeleted:":"true", "version":"1693421422583"}}
{"logTime": "1006/100553", "correlationVector":"GZ9mfkt2t/d17zG0V39abk.104","action":"GetUpdates", "result":"DeleteReceived", "context":{"id":"8d8904a2-0df0-4199-8084-f6c77f2359f0", "isDeleted:":"true", "version":"1693421422584"}}
{"logTime": "1006/100553", "correlationVector":"GZ9mfkt2t/d17zG0V39abk.105","action":"GetUpdates", "result":"DeleteReceived", "context":{"id":"95f92dd9-b54f-4e45-bda0-67ab8b6d324c", "isDeleted:":"true", "version":"1693421422586"}}
{"logTime": "1006/100553", "correlationVector":"GZ9mfkt2t/d17zG0V39abk.106","action":"GetUpdates", "result":"DeleteReceived", "context":{"id":"9dcf6d12-3078-4f6a-8685-091ff98659c6", "isDeleted:":"true", "version":"1693421422592"}}
{"logTime": "1006/100553", "correlationVector":"GZ9mfkt2t/d17zG0V39abk.107","action":"GetUpdates", "result":"DeleteReceived", "context":{"id":"f1c80a53-6ba6-4c9a-9051-a9af800cd09e", "isDeleted:":"true", "version":"1693421422594"}}
{"logTime": "1006/100553", "correlationVector":"GZ9mfkt2t/d17zG0V39abk.108","action":"GetUpdates", "result":"DeleteReceived", "context":{"id":"aa6e5714-7507-46a5-8f5d-058ab947b204", "isDeleted:":"true", "version":"1693421423403"}}
{"logTime": "1006/100553", "correlationVector":"GZ9mfkt2t/d17zG0V39abk.109","action":"GetUpdates", "result":"DeleteReceived", "context":{"id":"f788bf12-def5-487e-99c3-fb68c9a7459a", "isDeleted:":"true", "version":"1693421423405"}}
{"logTime": "1006/100553", "correlationVector":"GZ9mfkt2t/d17zG0V39abk.110","action":"GetUpdates", "result":"DeleteReceived", "context":{"id":"cd808ddc-852f-4148-a016-23e2c4199fac", "isDeleted:":"true", "version":"1693421423407"}}
{"logTime": "1006/100553", "correlationVector":"GZ9mfkt2t/d17zG0V39abk.111","action":"GetUpdates", "result":"DeleteReceived", "context":{"id":"d4791e0c-68cb-4819-b704-f21dea482986", "isDeleted:":"true", "version":"1693421423408"}}
{"logTime": "1006/100553", "correlationVector":"GZ9mfkt2t/d17zG0V39abk.112","action":"GetUpdates", "result":"DeleteReceived", "context":{"id":"26c402b7-2e86-407c-95e0-c14363cb4ef8", "isDeleted:":"true", "version":"1693421423412"}}
{"logTime": "1006/100553", "correlationVector":"GZ9mfkt2t/d17zG0V39abk.113","action":"GetUpdates", "result":"DeleteReceived", "context":{"id":"a44e7010-8a37-44fb-a96c-03140ff6ff32", "isDeleted:":"true", "version":"1693421423413"}}
{"logTime": "1006/100553", "correlationVector":"GZ9mfkt2t/d17zG0V39abk.114","action":"GetUpdates", "result":"DeleteReceived", "context":{"id":"6e2dff0b-7b76-4e87-a242-7aa5b2380b1a", "isDeleted:":"true", "version":"1693421423414"}}
{"logTime": "1006/100553", "correlationVector":"GZ9mfkt2t/d17zG0V39abk.115","action":"GetUpdates", "result":"DeleteReceived", "context":{"id":"3d4e77b8-572c-41fe-be9e-542f7a5fa5f5", "isDeleted:":"true", "version":"1693421423415"}}
{"logTime": "1006/100553", "correlationVector":"GZ9mfkt2t/d17zG0V39abk.116","action":"GetUpdates", "result":"DeleteReceived", "context":{"id":"1b46cb13-0d8e-421c-a8e7-7d5059bb6e46", "isDeleted:":"true", "version":"1693421423416"}}
{"logTime": "1006/100553", "correlationVector":"GZ9mfkt2t/d17zG0V39abk.117","action":"GetUpdates", "result":"DeleteReceived", "context":{"id":"dcd150d2-065b-4592-9992-ba745fcb15a0", "isDeleted:":"true", "version":"1693421424574"}}
{"logTime": "1006/100553", "correlationVector":"GZ9mfkt2t/d17zG0V39abk.118","action":"GetUpdates", "result":"DeleteReceived", "context":{"id":"d8216c72-92a0-4a99-a252-c8d33356cdbf", "isDeleted:":"true", "version":"1693421424580"}}
{"logTime": "1006/100553", "correlationVector":"GZ9mfkt2t/d17zG0V39abk.119","action":"GetUpdates", "result":"DeleteReceived", "context":{"id":"fbeb44ec-ce30-499d-86da-08fb5cd1552a", "isDeleted:":"true", "version":"1693421424584"}}
{"logTime": "1006/100553", "correlationVector":"GZ9mfkt2t/d17zG0V39abk.120","action":"GetUpdates", "result":"DeleteReceived", "context":{"id":"b1eaa3c9-789c-4743-a1b3-0256958f8ea7", "isDeleted:":"true", "version":"1693421424585"}}
{"logTime": "1006/100553", "correlationVector":"GZ9mfkt2t/d17zG0V39abk.121","action":"GetUpdates", "result":"DeleteReceived", "context":{"id":"30d865f2-4a48-44af-9cee-26c9527c6338", "isDeleted:":"true", "version":"1693421424587"}}
{"logTime": "1006/100553", "correlationVector":"GZ9mfkt2t/d17zG0V39abk.122","action":"GetUpdates Response", "result":"SERVER_MORE_TO_DOWNLOAD", "context":Received 250 update(s).  Some updates remain.}
{"logTime": "1006/100553", "correlationVector":"t+ltm+iOVF0dmPFx3Me8om","action":"Initial GetUpdates", "result":"", "context":Reason: NEWLY_SUPPORTED_DATATYPE. cV=t+ltm+iOVF0dmPFx3Me8om}
{"logTime": "1006/100553", "correlationVector":"t+ltm+iOVF0dmPFx3Me8om.1","action":"SyncServerConnectionManagerRequest", "result":"SYNC_SERVER_OK", "context":{"environment":"Prod_WestEurope_000l", "migrationStage":"NotStarted", "server":"general01000020"}}
{"logTime": "1006/100553", "correlationVector":"t+ltm+iOVF0dmPFx3Me8om.2","action":"GetUpdates", "result":"DeleteReceived", "context":{"id":"8c275cd1-04ef-45f6-b339-68b64ce81c9e", "isDeleted:":"true", "version":"1693421424590"}}
{"logTime": "1006/100553", "correlationVector":"t+ltm+iOVF0dmPFx3Me8om.3","action":"GetUpdates", "result":"DeleteReceived", "context":{"id":"506ce8c8-a452-4f4b-af81-8056c328721e", "isDeleted:":"true", "version":"1693421425326"}}
{"logTime": "1006/100553", "correlationVector":"t+ltm+iOVF0dmPFx3Me8om.4","action":"GetUpdates", "result":"DeleteReceived", "context":{"id":"72e6acb5-96bf-4f8c-a3b2-e916a8fdc1b0", "isDeleted:":"true", "version":"1693421425327"}}
{"logTime": "1006/100553", "correlationVector":"t+ltm+iOVF0dmPFx3Me8om.5","action":"GetUpdates", "result":"DeleteReceived", "context":{"id":"3f652713-bf5b-4806-b6c8-3585c0ffdb8e", "isDeleted:":"true", "version":"1693421425333"}}
{"logTime": "1006/100553", "correlationVector":"t+ltm+iOVF0dmPFx3Me8om.6","action":"GetUpdates", "result":"DeleteReceived", "context":{"id":"e9f80dcb-5e2a-4f84-819a-ad5f28eef82e", "isDeleted:":"true", "version":"1693421425334"}}
{"logTime": "1006/100553", "correlationVector":"t+ltm+iOVF0dmPFx3Me8om.7","action":"GetUpdates", "result":"DeleteReceived", "context":{"id":"645ce5d4-7c81-4723-b0b7-1bf1f78a05ce", "isDeleted:":"true", "version":"1693421425335"}}
{"logTime": "1006/100553", "correlationVector":"t+ltm+iOVF0dmPFx3Me8om.8","action":"GetUpdates", "result":"DeleteReceived", "context":{"id":"1cfb0951-a829-4357-a526-8a944cdcc823", "isDeleted:":"true", "version":"1693421425336"}}
{"logTime": "1006/100553", "correlationVector":"t+ltm+iOVF0dmPFx3Me8om.9","action":"GetUpdates", "result":"DeleteReceived", "context":{"id":"0c607979-454d-4613-b5f0-27e7f6fa7881", "isDeleted:":"true", "version":"1693421425338"}}
{"logTime": "1006/100553", "correlationVector":"t+ltm+iOVF0dmPFx3Me8om.10","action":"GetUpdates", "result":"DeleteReceived", "context":{"id":"a9e81887-2979-4865-a959-8ef6e6cdfa0c", "isDeleted:":"true", "version":"1693421425339"}}
{"logTime": "1006/100553", "correlationVector":"t+ltm+iOVF0dmPFx3Me8om.11","action":"GetUpdates", "result":"DeleteReceived", "context":{"id":"0dc44431-ad91-44cd-b375-b73fad6cd2f4", "isDeleted:":"true", "version":"1693421425342"}}
{"logTime": "1006/100553", "correlationVector":"t+ltm+iOVF0dmPFx3Me8om.12","action":"GetUpdates", "result":"DeleteReceived", "context":{"id":"57f8900d-8596-4007-961c-5f0d8c782acb", "isDeleted:":"true", "version":"1693421426146"}}
{"logTime": "1006/100553", "correlationVector":"t+ltm+iOVF0dmPFx3Me8om.13","action":"GetUpdates", "result":"DeleteReceived", "context":{"id":"76ebd263-6f3e-4765-bb7d-662051b15d66", "isDeleted:":"true", "version":"1693421426148"}}
{"logTime": "1006/100553", "correlationVector":"t+ltm+iOVF0dmPFx3Me8om.14","action":"GetUpdates", "result":"DeleteReceived", "context":{"id":"d658521d-811c-4367-8574-3a5f748ad404", "isDeleted:":"true", "version":"1693421426149"}}
{"logTime": "1006/100553", "correlationVector":"t+ltm+iOVF0dmPFx3Me8om.15","action":"GetUpdates", "result":"DeleteReceived", "context":{"id":"21f6964e-391c-4441-891d-ee3338bfb5c6", "isDeleted:":"true", "version":"1693421426150"}}
{"logTime": "1006/100553", "correlationVector":"t+ltm+iOVF0dmPFx3Me8om.16","action":"GetUpdates", "result":"DeleteReceived", "context":{"id":"20110af5-db4e-4dcc-88d6-47d3e534e3d7", "isDeleted:":"true", "version":"1693421426152"}}
{"logTime": "1006/100553", "correlationVector":"t+ltm+iOVF0dmPFx3Me8om.17","action":"GetUpdates", "result":"DeleteReceived", "context":{"id":"4ee0f3c8-9bf1-4acc-8673-1ab9804ee809", "isDeleted:":"true", "version":"1693421426154"}}
{"logTime": "1006/100553", "correlationVector":"t+ltm+iOVF0dmPFx3Me8om.18","action":"GetUpdates", "result":"DeleteReceived", "context":{"id":"43fd49e1-e9a6-4ec6-9507-078141d93e8e", "isDeleted:":"true", "version":"1693421426966"}}
{"logTime": "1006/100553", "correlationVector":"t+ltm+iOVF0dmPFx3Me8om.19","action":"GetUpdates", "result":"DeleteReceived", "context":{"id":"9d27de46-61dc-4e84-9a1e-a6ac974422b5", "isDeleted:":"true", "version":"1693421426967"}}
{"logTime": "1006/100553", "correlationVector":"t+ltm+iOVF0dmPFx3Me8om.20","action":"GetUpdates", "result":"DeleteReceived", "context":{"id":"a22c6d37-aa0f-4351-a19e-9a8614423ce4", "isDeleted:":"true", "version":"1693421426971"}}
{"logTime": "1006/100553", "correlationVector":"t+ltm+iOVF0dmPFx3Me8om.21","action":"GetUpdates", "result":"DeleteReceived", "context":{"id":"9e1352fa-7e34-44bd-bf27-4eee987e0e3f", "isDeleted:":"true", "version":"1693421426972"}}
{"logTime": "1006/100553", "correlationVector":"t+ltm+iOVF0dmPFx3Me8om.22","action":"GetUpdates", "result":"DeleteReceived", "context":{"id":"abba6282-26f2-4342-8e20-efd811ad3a70", "isDeleted:":"true", "version":"1693421426973"}}
{"logTime": "1006/100553", "correlationVector":"t+ltm+iOVF0dmPFx3Me8om.23","action":"GetUpdates", "result":"DeleteReceived", "context":{"id":"756b9e32-8a04-46db-98a0-ca8bc045d3c5", "isDeleted:":"true", "version":"1693421426974"}}
{"logTime": "1006/100553", "correlationVector":"t+ltm+iOVF0dmPFx3Me8om.24","action":"GetUpdates", "result":"DeleteReceived", "context":{"id":"e52f6abd-014b-402b-89a6-f7164b2ca47f", "isDeleted:":"true", "version":"1693421426975"}}
{"logTime": "1006/100553", "correlationVector":"t+ltm+iOVF0dmPFx3Me8om.25","action":"GetUpdates", "result":"DeleteReceived", "context":{"id":"47cb8bb6-a1c9-4c1d-8ec3-31754ff5d0b8", "isDeleted:":"true", "version":"1693421426984"}}
{"logTime": "1006/100553", "correlationVector":"t+ltm+iOVF0dmPFx3Me8om.26","action":"GetUpdates", "result":"DeleteReceived", "context":{"id":"8f3d25c9-01ed-4da1-ac82-a824229c18ba", "isDeleted:":"true", "version":"1693421427749"}}
{"logTime": "1006/100553", "correlationVector":"t+ltm+iOVF0dmPFx3Me8om.27","action":"GetUpdates", "result":"DeleteReceived", "context":{"id":"79e61d9e-9463-440e-8d30-5ad2608596e6", "isDeleted:":"true", "version":"1693421427750"}}
{"logTime": "1006/100553", "correlationVector":"t+ltm+iOVF0dmPFx3Me8om.28","action":"GetUpdates", "result":"DeleteReceived", "context":{"id":"2af9a17c-ea41-423a-9fad-15720764e9f5", "isDeleted:":"true", "version":"1693421427752"}}
{"logTime": "1006/100553", "correlationVector":"t+ltm+iOVF0dmPFx3Me8om.29","action":"GetUpdates", "result":"DeleteReceived", "context":{"id":"02c19986-d962-49fb-8401-a9d18f5ace9d", "isDeleted:":"true", "version":"1693421427757"}}
{"logTime": "1006/100553", "correlationVector":"t+ltm+iOVF0dmPFx3Me8om.30","action":"GetUpdates", "result":"DeleteReceived", "context":{"id":"55f41246-2ba4-4456-a4c7-a1b08a3961cd", "isDeleted:":"true", "version":"1693421427759"}}
{"logTime": "1006/100553", "correlationVector":"t+ltm+iOVF0dmPFx3Me8om.31","action":"GetUpdates", "result":"DeleteReceived", "context":{"id":"0c467cca-02f2-431c-9991-1b4c2382af4d", "isDeleted:":"true", "version":"1693421427760"}}
{"logTime": "1006/100553", "correlationVector":"t+ltm+iOVF0dmPFx3Me8om.32","action":"GetUpdates", "result":"DeleteReceived", "context":{"id":"80d9dad8-ef94-4746-8876-9eca5089a7ba", "isDeleted:":"true", "version":"1693421427765"}}
{"logTime": "1006/100553", "correlationVector":"t+ltm+iOVF0dmPFx3Me8om.33","action":"GetUpdates", "result":"DeleteReceived", "context":{"id":"35cd6a5c-0d30-477a-afca-d375a5aee2aa", "isDeleted:":"true", "version":"1693421427766"}}
{"logTime": "1006/100553", "correlationVector":"t+ltm+iOVF0dmPFx3Me8om.34","action":"GetUpdates", "result":"DeleteReceived", "context":{"id":"7d628adc-ac49-402a-978c-b160508192ca", "isDeleted:":"true", "version":"1693421428539"}}
{"logTime": "1006/100553", "correlationVector":"t+ltm+iOVF0dmPFx3Me8om.35","action":"GetUpdates", "result":"DeleteReceived", "context":{"id":"09803ada-8a73-49b3-a0a3-d367f99e5be7", "isDeleted:":"true", "version":"1693421428544"}}
{"logTime": "1006/100553", "correlationVector":"t+ltm+iOVF0dmPFx3Me8om.36","action":"GetUpdates", "result":"DeleteReceived", "context":{"id":"4560a1d6-85ea-4d7a-8536-2f555ffa8b3e", "isDeleted:":"true", "version":"1693421428546"}}
{"logTime": "1006/100553", "correlationVector":"t+ltm+iOVF0dmPFx3Me8om.37","action":"GetUpdates", "result":"DeleteReceived", "context":{"id":"74f69000-cd2f-4b9a-bda9-17ba2bcd2050", "isDeleted:":"true", "version":"1693421428548"}}
{"logTime": "1006/100553", "correlationVector":"t+ltm+iOVF0dmPFx3Me8om.38","action":"GetUpdates", "result":"DeleteReceived", "context":{"id":"3baac7cf-1083-4976-af85-5cf4f18c9f7e", "isDeleted:":"true", "version":"1693421428551"}}
{"logTime": "1006/100553", "correlationVector":"t+ltm+iOVF0dmPFx3Me8om.39","action":"GetUpdates", "result":"DeleteReceived", "context":{"id":"8159dd10-cd2f-4000-a14f-d3d8ac5e6e91", "isDeleted:":"true", "version":"1693421428552"}}
{"logTime": "1006/100553", "correlationVector":"t+ltm+iOVF0dmPFx3Me8om.40","action":"GetUpdates", "result":"DeleteReceived", "context":{"id":"0afcb77a-2c05-4a6e-9f8d-1341aeffd49c", "isDeleted:":"true", "version":"1693421428553"}}
{"logTime": "1006/100553", "correlationVector":"t+ltm+iOVF0dmPFx3Me8om.41","action":"GetUpdates", "result":"DeleteReceived", "context":{"id":"1c6b1721-872b-4c41-8d1c-bd13a0a3c2ee", "isDeleted:":"true", "version":"1693421428554"}}
{"logTime": "1006/100553", "correlationVector":"t+ltm+iOVF0dmPFx3Me8om.42","action":"GetUpdates", "result":"DeleteReceived", "context":{"id":"9e65dc63-e2b7-4eef-a356-def988a7dfca", "isDeleted:":"true", "version":"1693421428556"}}
{"logTime": "1006/100553", "correlationVector":"t+ltm+iOVF0dmPFx3Me8om.43","action":"GetUpdates", "result":"DeleteReceived", "context":{"id":"bc5ed7c1-391c-473c-b1c3-d3200287b67a", "isDeleted:":"true", "version":"1693421429388"}}
{"logTime": "1006/100553", "correlationVector":"t+ltm+iOVF0dmPFx3Me8om.44","action":"GetUpdates", "result":"DeleteReceived", "context":{"id":"efc71626-1482-4ae8-a091-3e62d56fc5b5", "isDeleted:":"true", "version":"1693421429389"}}
{"logTime": "1006/100553", "correlationVector":"t+ltm+iOVF0dmPFx3Me8om.45","action":"GetUpdates", "result":"DeleteReceived", "context":{"id":"07a21dc0-8b1a-4360-a3a6-79b353884ebc", "isDeleted:":"true", "version":"1693421429390"}}
{"logTime": "1006/100553", "correlationVector":"t+ltm+iOVF0dmPFx3Me8om.46","action":"GetUpdates", "result":"DeleteReceived", "context":{"id":"b8b9b915-d3d0-4b70-b131-cdc0c4268ac8", "isDeleted:":"true", "version":"1693421429391"}}
{"logTime": "1006/100553", "correlationVector":"t+ltm+iOVF0dmPFx3Me8om.47","action":"GetUpdates", "result":"DeleteReceived", "context":{"id":"4113788b-b298-4701-bd7b-c40c238b8de9", "isDeleted:":"true", "version":"1693421429394"}}
{"logTime": "1006/100553", "correlationVector":"t+ltm+iOVF0dmPFx3Me8om.48","action":"GetUpdates", "result":"DeleteReceived", "context":{"id":"3318ed3e-d48c-499d-b8c2-6ee84d925173", "isDeleted:":"true", "version":"1693421429397"}}
{"logTime": "1006/100553", "correlationVector":"t+ltm+iOVF0dmPFx3Me8om.49","action":"GetUpdates", "result":"DeleteReceived", "context":{"id":"ff6c3fd3-7edc-446e-b637-d818af4d6827", "isDeleted:":"true", "version":"1693421429400"}}
{"logTime": "1006/100553", "correlationVector":"t+ltm+iOVF0dmPFx3Me8om.50","action":"GetUpdates", "result":"DeleteReceived", "context":{"id":"8f634cf8-bd73-4158-8f26-8f84472086e0", "isDeleted:":"true", "version":"1693421429403"}}
{"logTime": "1006/100553", "correlationVector":"t+ltm+iOVF0dmPFx3Me8om.51","action":"GetUpdates", "result":"DeleteReceived", "context":{"id":"edf06602-8672-43dd-8322-ee523d05f879", "isDeleted:":"true", "version":"1693421430192"}}
{"logTime": "1006/100553", "correlationVector":"t+ltm+iOVF0dmPFx3Me8om.52","action":"GetUpdates", "result":"DeleteReceived", "context":{"id":"5969c812-b9e1-4208-9c50-bca5d975b8f6", "isDeleted:":"true", "version":"1693421430193"}}
{"logTime": "1006/100553", "correlationVector":"t+ltm+iOVF0dmPFx3Me8om.53","action":"GetUpdates", "result":"DeleteReceived", "context":{"id":"d2293289-66fb-4292-b296-43558b313534", "isDeleted:":"true", "version":"1693421430195"}}
{"logTime": "1006/100553", "correlationVector":"t+ltm+iOVF0dmPFx3Me8om.54","action":"GetUpdates", "result":"DeleteReceived", "context":{"id":"11fdd31a-d79c-42d7-88ea-3f85b5184f41", "isDeleted:":"true", "version":"1693421430198"}}
{"logTime": "1006/100553", "correlationVector":"t+ltm+iOVF0dmPFx3Me8om.55","action":"GetUpdates", "result":"DeleteReceived", "context":{"id":"b574e178-bcd8-4f2f-a7eb-dca41a0928c7", "isDeleted:":"true", "version":"1693421430202"}}
{"logTime": "1006/100553", "correlationVector":"t+ltm+iOVF0dmPFx3Me8om.56","action":"GetUpdates", "result":"DeleteReceived", "context":{"id":"91933529-176e-459e-96f6-e0c127cef6e4", "isDeleted:":"true", "version":"1693421430204"}}
{"logTime": "1006/100553", "correlationVector":"t+ltm+iOVF0dmPFx3Me8om.57","action":"GetUpdates", "result":"DeleteReceived", "context":{"id":"0c9e6eaa-2610-4514-8390-bb13aeb90eeb", "isDeleted:":"true", "version":"1693421430207"}}
{"logTime": "1006/100553", "correlationVector":"t+ltm+iOVF0dmPFx3Me8om.58","action":"GetUpdates", "result":"DeleteReceived", "context":{"id":"3f3ef8b2-ae9e-4066-bf9d-27bbe99a612f", "isDeleted:":"true", "version":"1693421430208"}}
{"logTime": "1006/100553", "correlationVector":"t+ltm+iOVF0dmPFx3Me8om.59","action":"GetUpdates", "result":"DeleteReceived", "context":{"id":"cc897515-6796-48b2-8e39-7e83c4fc950e", "isDeleted:":"true", "version":"1695303764239"}}
{"logTime": "1006/100553", "correlationVector":"t+ltm+iOVF0dmPFx3Me8om.60","action":"GetUpdates Response", "result":"SYNCER_OK", "context":Received 151 update(s). cV=t+ltm+iOVF0dmPFx3Me8om.0;server=general01000020;cloudType=Consumer;environment=Prod_WestEurope_000l;migrationStage=NotStarted}
{"logTime": "1006/100553", "correlationVector":"OB5yrfS1Y/erkhdMDyCBTC","action":"Normal GetUpdate request", "result":"", "context":cV=OB5yrfS1Y/erkhdMDyCBTC
Nudged types: Sessions, User Consents
Refresh requested types: Bookmarks, Preferences, Passwords, Autofill, Autofill Custom Data, Typed URLs, Extensions, Sessions, Extension settings, History Delete Directives, Device Info, User Consents, Send Tab To Self, Web Apps, Collection, Edge E Drop, Edge Hub App Usage, Edge Wallet, Encryption Keys}
{"logTime": "1006/100553", "correlationVector":"OB5yrfS1Y/erkhdMDyCBTC.1","action":"SyncServerConnectionManagerRequest", "result":"SYNC_SERVER_OK", "context":{"environment":"Prod_WestEurope_000l", "migrationStage":"NotStarted", "server":"general0100000U"}}
{"logTime": "1006/100553", "correlationVector":"OB5yrfS1Y/erkhdMDyCBTC.2","action":"GetUpdates Response", "result":"SYNCER_OK", "context":Received 9 update(s). cV=OB5yrfS1Y/erkhdMDyCBTC.0;server=general0100000U;cloudType=Consumer;environment=Prod_WestEurope_000l;migrationStage=NotStarted}
{"logTime": "1006/100553", "correlationVector":"qY9lDycCIonnZxuOOGfK6D","action":"Commit Request", "result":"", "context":Item count: 4
Contributing types: Sessions, User Consents}
{"logTime": "1006/100553", "correlationVector":"qY9lDycCIonnZxuOOGfK6D.1","action":"SyncServerConnectionManagerRequest", "result":"SYNC_SERVER_OK", "context":{"environment":"Prod_WestEurope_000l", "migrationStage":"NotStarted", "server":"general0100001Y"}}
{"logTime": "1006/100553", "correlationVector":"qY9lDycCIonnZxuOOGfK6D.3","action":"Commit.Sessions", "result":"Success", "context":{"id":"87dd729e-5fdc-4980-8971-9212c53475b5", "isDeleted":"true", "size":"0", "version":"1696586558911"}}
{"logTime": "1006/100553", "correlationVector":"qY9lDycCIonnZxuOOGfK6D.2","action":"Commit Response", "result":"SYNCER_OK", "context":Result: SYNCER_OK. cV=qY9lDycCIonnZxuOOGfK6D.0;server=general0100001Y;cloudType=Consumer;environment=Prod_WestEurope_000l;migrationStage=NotStarted}
{"logTime": "1006/100609", "correlationVector":"N0WMMyWbFuqpnPz95k5W3Y","action":"SyncServerConnectionManagerRequest", "result":"SYNC_SERVER_OK", "context":{"environment":"", "migrationStage":"", "server":""}}
{"logTime": "1006/100609", "correlationVector":"dvuGVoneOMh77g9ILshaGt","action":"Normal GetUpdate request", "result":"", "context":cV=dvuGVoneOMh77g9ILshaGt
Nudged types: Sessions}
{"logTime": "1006/100609", "correlationVector":"dvuGVoneOMh77g9ILshaGt.1","action":"SyncServerConnectionManagerRequest", "result":"SYNC_SERVER_OK", "context":{"environment":"Prod_WestEurope_000l", "migrationStage":"NotStarted", "server":"general0100000A"}}
{"logTime": "1006/100609", "correlationVector":"dvuGVoneOMh77g9ILshaGt.2","action":"GetUpdates", "result":"DeleteReceived", "context":{"id":"87dd729e-5fdc-4980-8971-9212c53475b5", "isDeleted:":"true", "version":"1696586739461"}}
{"logTime": "1006/100610", "correlationVector":"dvuGVoneOMh77g9ILshaGt.3","action":"GetUpdates Response", "result":"SYNCER_OK", "context":Received 3 update(s). cV=dvuGVoneOMh77g9ILshaGt.0;server=general0100000A;cloudType=Consumer;environment=Prod_WestEurope_000l;migrationStage=NotStarted}
{"logTime": "1006/100610", "correlationVector":"qIKr4zMTVg5vSrTkCloZr6","action":"Normal GetUpdate request", "result":"", "context":cV=qIKr4zMTVg5vSrTkCloZr6
Refresh requested types: Bookmarks, Preferences, Passwords, Autofill, Autofill Custom Data, Typed URLs, Extensions, Sessions, Extension settings, History Delete Directives, Device Info, User Consents, Send Tab To Self, Web Apps, Collection, Edge E Drop, Edge Hub App Usage, Edge Wallet, Encryption Keys}
{"logTime": "1006/100610", "correlationVector":"qIKr4zMTVg5vSrTkCloZr6.1","action":"SyncServerConnectionManagerRequest", "result":"SYNC_SERVER_OK", "context":{"environment":"Prod_NorthEurope_x00f", "migrationStage":"NotStarted", "server":"GENERAL0100000H"}}
{"logTime": "1006/100610", "correlationVector":"qIKr4zMTVg5vSrTkCloZr6.2","action":"GetUpdates Response", "result":"SYNCER_OK", "context":Received 0 update(s). cV=qIKr4zMTVg5vSrTkCloZr6.0;server=GENERAL0100000H;cloudType=Consumer;environment=Prod_NorthEurope_x00f;migrationStage=NotStarted}
